2026-04-27 16:12:07, MOVE, v:1, k:ed@setbuild, mode:DOWN
2026-04-27 16:12:08, MOVE, v:1, k:ed@setbuild, mode:PICK
2026-04-27 16:14:37, EXEC, v:1, k:ed@setbuild, mode:FULL, rate:0, size:45
2026-04-27 16:16:01, EXEC, v:1, k:ed@setbuild, mode:FULL, size:45, fail:COMP
2026-04-27 16:12:07, MOVE, v:1, k:ed@setbuild, mode:EDIT
2026-04-27 16:12:07, MOVE, v:1, k:ed@setbuild, mode:EDIT
2026-04-27 16:15:58, MOVE, v:1, k:ed@setbuild, mode:EDIT
2026-04-27 16:12:07, MOVE, v:1, k:ed@setbuild, mode:EDIT
2026-04-27 16:19:35, EXEC, v:1, k:ed@setbuild, mode:FULL, size:53, fail:COMP
2026-04-27 16:20:32, EXEC, v:1, k:ed@setbuild, mode:FULL, fail:COMP
2026-04-27 16:19:26, MOVE, v:1, k:ed@setbuild, mode:EDIT
2026-04-27 16:22:35, EXEC, v:1, k:ed@setbuild, mode:FULL, size:57, fail:COMP
2026-04-27 16:22:56, EXEC, v:1, k:ed@setbuild, mode:FULL, size:57, fail:COMP
2026-04-27 16:23:05, EXEC, v:1, k:ed@setbuild, mode:FULL, size:57, fail:COMP
2026-04-27 16:26:45, MOVE, v:1, k:ed@setbuild, mode:EDIT
2026-04-27 16:27:08, EXEC, v:1, k:ed@setbuild, mode:FULL, size:58, fail:COMP
2026-04-27 16:27:09, EXEC, v:1, k:ed@setbuild, mode:FULL, fail:COMP
2026-04-27 16:27:46, EXEC, v:1, k:ed@setbuild, mode:FULL, size:58, fail:COMP
2026-04-27 16:27:53, EXEC, v:1, k:ed@setbuild, mode:FULL, size:58, fail:COMP
2026-04-27 16:28:09, EXEC, v:1, k:ed@setbuild, mode:FULL, size:58, fail:COMP
2026-04-27 16:30:02, EXEC, v:1, k:ed@setbuild, mode:FULL, size:58, fail:COMP
2026-04-27 16:31:39, EXEC, v:1, k:ed@setbuild, mode:FULL, fail:COMP
2026-04-27 16:31:40, MOVE, v:1, k:ed@setbuild, mode:BACK
2026-04-27 16:31:41, MOVE, v:1, k:ed@setbuild, mode:PICK
2026-04-27 16:31:41, EXEC, v:1, k:ed@setbuild, mode:FULL, fail:COMP
2026-04-27 16:31:52, EXEC, v:1, k:ed@setbuild, mode:FULL, size:58, fail:COMP
2026-04-27 16:31:49, MOVE, v:1, k:ed@setbuild, mode:EDIT
2026-04-27 16:43:41, EXEC, v:1, k:ed@setbuild, mode:FULL, fail:COMP
2026-04-27 16:43:42, EXEC, v:1, k:ed@setbuild, mode:FULL, fail:COMP
2026-04-27 16:45:24, EXEC, v:1, k:ed@setbuild, mode:FULL, size:58, fail:COMP
2026-04-27 16:45:25, EXEC, v:1, k:ed@setbuild, mode:FULL, fail:COMP
2026-04-27 16:45:38, EXEC, v:1, k:ed@setbuild, mode:FULL, size:58, fail:COMP
2026-04-27 16:45:36, MOVE, v:1, k:ed@setbuild, mode:EDIT
2026-04-27 16:47:08, EXEC, v:1, k:ed@setbuild, mode:FULL, size:58, fail:COMP
2026-04-27 16:49:51, EXEC, v:1, k:ed@setbuild, mode:FULL, fail:COMP
2026-04-27 16:49:55, MOVE, v:1, k:ed@setbuild, mode:BACK
2026-04-27 16:50:48, MOVE, v:1, k:ed@setbuild, mode:PICK
2026-04-27 16:50:49, EXEC, v:1, k:ed@setbuild, mode:FULL, size:57, fail:COMP
2026-04-27 16:50:50, EXEC, v:1, k:ed@setbuild, mode:FULL, fail:COMP
2026-04-27 16:50:51, MOVE, v:1, k:ed@setbuild, mode:BACK
2026-04-27 16:51:01, MOVE, v:1, k:ed@setbuild, mode:PICK
2026-04-27 16:51:01, EXEC, v:1, k:ed@setbuild, mode:FULL, size:57, fail:COMP
2026-04-27 16:50:57, MOVE, v:1, k:ed@setbuild, mode:EDIT
2026-04-27 17:10:01, MOVE, v:1, k:ed@setbuild, mode:BACK
2026-04-27 17:22:02, MOVE, v:1, k:ed@setbuild, mode:PICK
2026-04-27 17:22:03, EXEC, v:1, k:ed@setbuild, mode:FULL, fail:COMP
2026-04-27 17:26:53, EXEC, v:1, k:ed@setbuild, mode:FULL, rate:0, size:59
2026-04-27 17:26:48, MOVE, v:1, k:ed@setbuild, mode:EDIT
2026-04-27 17:27:35, EXEC, v:1, k:ed@setbuild, mode:FULL, rate:0, size:59
2026-04-27 17:27:33, MOVE, v:1, k:ed@setbuild, mode:EDIT
2026-04-27 17:35:39, EXEC, v:1, k:ed@setbuild, mode:FULL, size:75, fail:COMP
2026-04-27 17:36:10, EXEC, v:1, k:ed@setbuild, mode:FULL, rate:0, size:75
2026-04-27 17:36:44, EXEC, v:1, k:ed@setbuild, mode:FULL, rate:0, size:75
2026-04-27 17:36:40, MOVE, v:1, k:ed@setbuild, mode:EDIT
2026-04-27 17:37:35, EXEC, v:1, k:ed@setbuild, mode:FULL, size:75, fail:COMP
2026-04-27 17:38:45, EXEC, v:1, k:ed@setbuild, mode:FULL, size:75, fail:COMP
2026-04-27 17:39:17, EXEC, v:1, k:ed@setbuild, mode:FULL, size:75, fail:COMP
2026-04-27 17:39:15, MOVE, v:1, k:ed@setbuild, mode:EDIT
2026-04-27 17:44:16, EXEC, v:1, k:ed@setbuild, mode:FULL, rate:0, size:75
2026-04-27 17:44:12, MOVE, v:1, k:ed@setbuild, mode:EDIT
2026-04-27 17:47:28, EXEC, v:1, k:ed@setbuild, mode:FULL, rate:0, size:75
2026-04-27 17:47:26, MOVE, v:1, k:ed@setbuild, mode:EDIT
