2026-05-17 15:08:46, MOVE, v:1, k:ed@wordsearch, mode:DOWN
2026-05-17 15:08:47, MOVE, v:1, k:ed@wordsearch, mode:PICK
2026-05-17 15:09:56, MOVE, v:1, k:ed@wordsearch, mode:BACK
2026-05-17 15:11:44, MOVE, v:1, k:ed@lista_d2, mode:PICK
2026-05-17 15:08:46, MOVE, v:1, k:ed@wordsearch, mode:EDIT
2026-05-17 15:08:46, MOVE, v:1, k:ed@wordsearch, mode:EDIT
2026-05-17 15:08:46, MOVE, v:1, k:ed@wordsearch, mode:EDIT
2026-05-17 15:08:46, MOVE, v:1, k:ed@wordsearch, mode:EDIT
2026-05-17 15:12:20, MOVE, v:1, k:ed@lista_d2, mode:EDIT
2026-05-17 15:14:22, MOVE, v:1, k:ed@lista_d2, mode:BACK
2026-05-17 15:31:05, MOVE, v:1, k:ed@vetequals, mode:DOWN
2026-05-17 15:31:06, MOVE, v:1, k:ed@vetequals, mode:PICK
2026-05-17 15:31:05, MOVE, v:1, k:ed@vetequals, mode:EDIT
2026-05-17 15:31:05, MOVE, v:1, k:ed@vetequals, mode:EDIT
2026-05-17 15:31:05, MOVE, v:1, k:ed@vetequals, mode:EDIT
2026-05-17 15:35:51, EXEC, v:1, k:ed@vetequals, mode:FULL, rate:0, size:47
2026-05-17 15:35:46, MOVE, v:1, k:ed@vetequals, mode:EDIT
2026-05-17 15:40:12, EXEC, v:1, k:ed@vetequals, mode:FULL, rate:100, size:54
2026-05-17 15:42:10, MOVE, v:1, k:ed@vetequals, mode:BACK
2026-05-17 15:42:15, SELF, v:1, k:ed@vetequals, self:1, rate:100
2026-05-17 15:42:32, MOVE, v:1, k:ed@eh_primo, mode:PICK
2026-05-17 15:42:44, MOVE, v:1, k:ed@eh_primo, mode:BACK
2026-05-17 15:42:48, MOVE, v:1, k:ed@resto, mode:PICK
2026-05-17 15:43:10, MOVE, v:1, k:ed@resto, mode:BACK
2026-05-17 15:40:09, MOVE, v:1, k:ed@vetequals, mode:EDIT
2026-05-17 15:48:12, MOVE, v:1, k:ed@eh_primo, mode:PICK
2026-05-17 15:48:13, EXEC, v:1, k:ed@eh_primo, mode:FULL, rate:100
2026-05-17 15:48:14, MOVE, v:1, k:ed@eh_primo, mode:BACK
2026-05-17 15:48:16, MOVE, v:1, k:ed@eh_primo, mode:PICK
2026-05-17 15:48:32, MOVE, v:1, k:ed@eh_primo, mode:BACK
2026-05-17 15:48:34, MOVE, v:1, k:ed@enesimo, mode:PICK
2026-05-17 16:10:45, EXEC, v:1, k:ed@enesimo, mode:FULL, rate:0
2026-05-17 16:20:50, EXEC, v:1, k:ed@enesimo, mode:FULL, size:43, fail:COMP
2026-05-17 16:22:30, EXEC, v:1, k:ed@enesimo, mode:FULL, fail:COMP
2026-05-17 16:23:30, EXEC, v:1, k:ed@enesimo, mode:FULL, size:54, fail:COMP
2026-05-17 16:23:43, EXEC, v:1, k:ed@enesimo, mode:FULL, rate:0, size:54
2026-05-17 16:23:41, MOVE, v:1, k:ed@enesimo, mode:EDIT
2026-05-17 16:25:04, EXEC, v:1, k:ed@enesimo, mode:FULL, rate:0, size:54
2026-05-17 16:25:43, EXEC, v:1, k:ed@enesimo, mode:FULL, rate:0, size:50
2026-05-17 16:26:34, EXEC, v:1, k:ed@enesimo, mode:FULL, rate:0, size:50
2026-05-17 16:27:01, EXEC, v:1, k:ed@enesimo, mode:FULL, rate:0, size:50
2026-05-17 16:26:59, MOVE, v:1, k:ed@enesimo, mode:EDIT
2026-05-17 16:31:13, EXEC, v:1, k:ed@enesimo, mode:FULL, rate:100, size:50
2026-05-17 16:31:14, MOVE, v:1, k:ed@enesimo, mode:BACK
2026-05-17 16:31:20, SELF, v:1, k:ed@enesimo, self:1, rate:100
2026-05-17 16:31:28, MOVE, v:1, k:ed@priminhos, mode:DOWN
2026-05-17 16:31:29, MOVE, v:1, k:ed@priminhos, mode:PICK
2026-05-17 16:31:10, MOVE, v:1, k:ed@enesimo, mode:EDIT
2026-05-17 16:31:28, MOVE, v:1, k:ed@priminhos, mode:EDIT
2026-05-17 16:31:28, MOVE, v:1, k:ed@priminhos, mode:EDIT
2026-05-17 16:31:28, MOVE, v:1, k:ed@priminhos, mode:EDIT
2026-05-17 16:36:07, MOVE, v:1, k:ed@priminhos, mode:EDIT
2026-05-17 16:51:11, EXEC, v:1, k:ed@priminhos, mode:FULL, size:55, fail:COMP
2026-05-17 16:51:23, EXEC, v:1, k:ed@priminhos, mode:FULL, size:55, fail:COMP
2026-05-17 16:51:30, EXEC, v:1, k:ed@priminhos, mode:FULL, rate:0, size:55
2026-05-17 16:52:03, EXEC, v:1, k:ed@priminhos, mode:FULL, rate:0, size:55
2026-05-17 16:53:24, EXEC, v:1, k:ed@priminhos, mode:FULL, rate:25, size:55
2026-05-17 16:53:22, MOVE, v:1, k:ed@priminhos, mode:EDIT
2026-05-17 16:58:06, EXEC, v:1, k:ed@priminhos, mode:FULL, rate:0, size:67
2026-05-17 16:58:30, EXEC, v:1, k:ed@priminhos, mode:FULL, rate:0, size:66
2026-05-17 16:58:38, EXEC, v:1, k:ed@priminhos, mode:FULL, rate:100, size:66
2026-05-17 16:58:39, MOVE, v:1, k:ed@priminhos, mode:BACK
2026-05-17 16:58:43, SELF, v:1, k:ed@priminhos, self:1, rate:100
2026-05-17 16:58:36, MOVE, v:1, k:ed@priminhos, mode:EDIT
2026-05-17 17:01:03, MOVE, v:1, k:ed@resto, mode:PICK
2026-05-17 17:01:56, MOVE, v:1, k:ed@resto, mode:BACK
2026-05-17 17:02:39, MOVE, v:1, k:ed@setbuild, mode:PICK
2026-05-17 17:03:10, MOVE, v:1, k:ed@setbuild, mode:BACK
2026-05-17 17:03:14, MOVE, v:1, k:ed@multiset, mode:PICK
2026-05-17 17:06:07, MOVE, v:1, k:ed@multiset, mode:BACK
2026-05-17 17:06:22, MOVE, v:1, k:ed@setbuild, mode:PICK
2026-05-17 17:06:37, MOVE, v:1, k:ed@setbuild, mode:BACK
2026-05-17 17:06:42, MOVE, v:1, k:ed@vetbuild, mode:PICK
