2026-05-05 10:29:52, MOVE, v:1, k:ed@editor, mode:DOWN
2026-05-05 10:29:53, MOVE, v:1, k:ed@editor, mode:PICK
2026-05-05 10:30:24, MOVE, v:1, k:ed@editor, mode:BACK
2026-05-05 10:30:26, MOVE, v:1, k:ed@editorint, mode:DOWN
2026-05-05 10:30:30, MOVE, v:1, k:ed@editorint, mode:PICK
2026-05-05 10:30:38, MOVE, v:1, k:ed@editorint, mode:BACK
2026-05-05 10:30:43, MOVE, v:1, k:ed@vetbuild, mode:PICK
2026-05-05 10:30:43, EXEC, v:1, k:ed@vetbuild, mode:FULL, rate:0
2026-05-05 10:31:11, MOVE, v:1, k:ed@vetbuild, mode:BACK
2026-05-05 10:31:19, MOVE, v:1, k:ed@editorint, mode:PICK
2026-05-05 10:29:52, MOVE, v:1, k:ed@editor, mode:EDIT
2026-05-05 10:29:52, MOVE, v:1, k:ed@editor, mode:EDIT
2026-05-05 10:30:26, MOVE, v:1, k:ed@editorint, mode:EDIT
2026-05-05 10:30:26, MOVE, v:1, k:ed@editorint, mode:EDIT
2026-05-05 10:30:26, MOVE, v:1, k:ed@editorint, mode:EDIT
2026-05-05 10:30:26, MOVE, v:1, k:ed@editorint, mode:EDIT
2026-05-05 10:30:26, MOVE, v:1, k:ed@editorint, mode:EDIT
2026-05-05 10:34:59, MOVE, v:1, k:ed@editorint, mode:PICK
2026-05-05 10:35:03, MOVE, v:1, k:ed@editorint, mode:BACK
2026-05-05 10:37:59, EXEC, v:1, k:ed@editorint, mode:FREE
2026-05-05 10:39:18, EXEC, v:1, k:ed@editorint, mode:FREE
2026-05-05 10:48:17, EXEC, v:1, k:ed@editorint, mode:FREE
2026-05-05 10:55:08, MOVE, v:1, k:ed@vetbuild, mode:PICK
2026-05-05 10:55:08, EXEC, v:1, k:ed@vetbuild, mode:FULL, rate:0
2026-05-05 10:55:11, MOVE, v:1, k:ed@vetbuild, mode:BACK
2026-05-05 10:55:13, MOVE, v:1, k:ed@vetbuild, mode:PICK
2026-05-05 10:56:28, MOVE, v:1, k:ed@vetbuild, mode:PICK
2026-05-05 10:56:29, EXEC, v:1, k:ed@vetbuild, mode:FULL, rate:0
2026-05-05 10:57:59, MOVE, v:1, k:ed@vetbuild, mode:BACK
2026-05-05 10:59:10, MOVE, v:1, k:ed@vetbuild, mode:PICK
2026-05-05 10:59:11, EXEC, v:1, k:ed@vetbuild, mode:FULL, rate:0
2026-05-05 11:00:19, MOVE, v:1, k:ed@vetbuild, mode:BACK
2026-05-05 11:02:11, MOVE, v:1, k:ed@vetbuild, mode:PICK
2026-05-05 11:02:11, EXEC, v:1, k:ed@vetbuild, mode:FULL, rate:0
2026-05-05 11:02:12, EXEC, v:1, k:ed@vetbuild, mode:FULL, rate:0
2026-05-05 11:02:13, EXEC, v:1, k:ed@vetbuild, mode:FULL, rate:0
2026-05-05 11:02:15, MOVE, v:1, k:ed@vetbuild, mode:BACK
2026-05-05 11:02:18, MOVE, v:1, k:ed@vetbuild, mode:PICK
2026-05-05 11:02:18, EXEC, v:1, k:ed@vetbuild, mode:FULL, rate:0
2026-05-05 11:03:06, MOVE, v:1, k:ed@vetbuild, mode:BACK
2026-05-05 11:03:08, MOVE, v:1, k:ed@vetbuild, mode:PICK
2026-05-05 11:03:09, EXEC, v:1, k:ed@vetbuild, mode:FULL, rate:0, size:190
2026-05-05 11:03:44, MOVE, v:1, k:ed@vetbuild, mode:BACK
2026-05-05 11:04:04, MOVE, v:1, k:ed@vetbuild, mode:PICK
2026-05-05 11:04:05, EXEC, v:1, k:ed@vetbuild, mode:FULL, rate:0, size:280
2026-05-05 11:04:13, MOVE, v:1, k:ed@vetbuild, mode:BACK
2026-05-05 11:05:35, MOVE, v:1, k:ed@vetbuild, mode:PICK
2026-05-05 11:05:36, EXEC, v:1, k:ed@vetbuild, mode:FULL, rate:0, size:49
2026-05-05 11:05:36, MOVE, v:1, k:ed@vetbuild, mode:BACK
2026-05-05 11:05:44, MOVE, v:1, k:ed@vetbuild, mode:PICK
2026-05-05 11:05:45, EXEC, v:1, k:ed@vetbuild, mode:FULL, rate:0, size:280
2026-05-05 11:07:40, MOVE, v:1, k:ed@vetbuild, mode:BACK
2026-05-05 11:07:51, MOVE, v:1, k:ed@vetbuild, mode:PICK
2026-05-05 11:07:52, EXEC, v:1, k:ed@vetbuild, mode:FULL, rate:0
2026-05-05 11:08:09, MOVE, v:1, k:ed@vetbuild, mode:BACK
2026-05-05 11:08:29, MOVE, v:1, k:ed@vetbuild, mode:PICK
2026-05-05 11:08:29, EXEC, v:1, k:ed@vetbuild, mode:FULL, rate:0
2026-05-05 11:08:37, MOVE, v:1, k:ed@vetbuild, mode:BACK
2026-05-05 11:10:09, MOVE, v:1, k:ed@vetbuild, mode:PICK
2026-05-05 11:10:10, EXEC, v:1, k:ed@vetbuild, mode:FULL, rate:0
2026-05-05 11:10:31, MOVE, v:1, k:ed@vetbuild, mode:BACK
2026-05-05 11:13:47, MOVE, v:1, k:ed@vetbuild, mode:PICK
2026-05-05 11:13:48, EXEC, v:1, k:ed@vetbuild, mode:FULL, rate:100
2026-05-05 11:13:53, MOVE, v:1, k:ed@vetbuild, mode:BACK
2026-05-05 11:14:00, SELF, v:1, k:ed@vetbuild, self:1, rate:100
2026-05-05 11:14:01, MOVE, v:1, k:ed@vetbuild, mode:PICK
2026-05-05 11:14:01, MOVE, v:1, k:ed@vetbuild, mode:BACK
2026-05-05 11:14:03, MOVE, v:1, k:ed@setbuild, mode:PICK
2026-05-05 11:14:03, EXEC, v:1, k:ed@setbuild, mode:FULL, rate:100
2026-05-05 11:14:05, EXEC, v:1, k:ed@setbuild, mode:FULL, rate:100
2026-05-05 11:14:06, MOVE, v:1, k:ed@setbuild, mode:BACK
2026-05-05 11:14:09, SELF, v:1, k:ed@setbuild, self:1, rate:100
2026-05-05 11:14:09, MOVE, v:1, k:ed@setbuild, mode:PICK
2026-05-05 11:14:10, EXEC, v:1, k:ed@setbuild, mode:FULL, rate:100
2026-05-05 11:14:10, MOVE, v:1, k:ed@setbuild, mode:BACK
2026-05-05 11:14:44, MOVE, v:1, k:ed@lista_d1, mode:PICK
2026-05-05 11:15:49, MOVE, v:1, k:ed@lista_d1, mode:BACK
2026-05-05 11:15:51, MOVE, v:1, k:ed@lista_d1, mode:PICK
2026-05-05 11:16:13, MOVE, v:1, k:ed@lista_d1, mode:BACK
2026-05-05 11:16:30, MOVE, v:1, k:ed@bettersearch, mode:PICK
2026-05-05 11:17:14, EXEC, v:1, k:ed@bettersearch, mode:FULL, fail:COMP
2026-05-05 11:17:27, EXEC, v:1, k:ed@bettersearch, mode:FULL, rate:100, size:49
2026-05-05 11:17:31, MOVE, v:1, k:ed@bettersearch, mode:BACK
2026-05-05 11:17:36, SELF, v:1, k:ed@bettersearch, self:1, rate:100
2026-05-05 11:17:36, MOVE, v:1, k:ed@bettersearch, mode:PICK
2026-05-05 11:17:44, MOVE, v:1, k:ed@bettersearch, mode:BACK
2026-05-05 11:16:34, MOVE, v:1, k:ed@lista_d1, mode:EDIT
2026-05-05 11:17:25, MOVE, v:1, k:ed@bettersearch, mode:EDIT
2026-05-05 11:20:42, MOVE, v:1, k:ed@magicsearch, mode:DOWN
2026-05-05 11:20:44, MOVE, v:1, k:ed@magicsearch, mode:PICK
2026-05-05 11:21:40, MOVE, v:1, k:ed@magicsearch, mode:BACK
2026-05-05 11:21:41, MOVE, v:1, k:ed@magicsearch, mode:PICK
2026-05-05 11:21:46, MOVE, v:1, k:ed@magicsearch, mode:BACK
2026-05-05 11:22:01, MOVE, v:1, k:sandbox@user_003, mode:PICK
2026-05-05 11:22:03, EXEC, v:1, k:sandbox@user_003, mode:LOCK, rate:0, size:5
2026-05-05 11:22:04, MOVE, v:1, k:sandbox@user_003, mode:BACK
2026-05-05 11:22:06, MOVE, v:1, k:sandbox@user_003, mode:PICK
2026-05-05 11:22:07, MOVE, v:1, k:sandbox@user_003, mode:BACK
2026-05-05 11:22:07, MOVE, v:1, k:sandbox@user_003, mode:PICK
2026-05-05 11:22:08, EXEC, v:1, k:sandbox@user_003, mode:LOCK, rate:0
2026-05-05 11:22:10, MOVE, v:1, k:sandbox@user_003, mode:BACK
2026-05-05 11:22:13, MOVE, v:1, k:sandbox@user_003, mode:PICK
2026-05-05 11:23:25, MOVE, v:1, k:sandbox@user_003, mode:BACK
2026-05-05 11:23:36, MOVE, v:1, k:ed@vetbuild, mode:PICK
2026-05-05 11:20:42, MOVE, v:1, k:ed@magicsearch, mode:EDIT
2026-05-05 11:20:42, MOVE, v:1, k:ed@magicsearch, mode:EDIT
2026-05-05 11:20:42, MOVE, v:1, k:ed@magicsearch, mode:EDIT
2026-05-05 11:22:00, MOVE, v:1, k:sandbox@user_003, mode:EDIT
2026-05-05 11:22:00, MOVE, v:1, k:sandbox@user_003, mode:EDIT
2026-05-05 11:25:31, EXEC, v:1, k:ed@vetbuild, mode:FULL, rate:100
2026-05-05 11:25:35, MOVE, v:1, k:ed@vetbuild, mode:BACK
2026-05-05 11:26:20, MOVE, v:1, k:ed@setbuild, mode:PICK
2026-05-05 11:26:53, MOVE, v:1, k:ed@setbuild, mode:BACK
2026-05-05 11:27:21, MOVE, v:1, k:ed@editorint, mode:PICK
2026-05-05 11:27:57, EXEC, v:1, k:ed@editorint, mode:LOCK, rate:0, size:260
2026-05-05 11:27:53, MOVE, v:1, k:ed@editorint, mode:EDIT
