2026-06-16 07:44:33, MOVE, v:1, k:ed@bufferring, mode:PICK
2026-06-16 07:45:05, MOVE, v:1, k:ed@bufferring, mode:BACK
2026-06-16 07:45:08, MOVE, v:1, k:ed@bufferring, mode:PICK
2026-06-16 07:47:42, MOVE, v:1, k:ed@bufferring, mode:EDIT
2026-06-16 07:48:20, EXEC, v:1, k:ed@bufferring, mode:FULL, size:118, fail:COMP
2026-06-16 07:48:23, MOVE, v:1, k:ed@bufferring, mode:BACK
2026-06-16 07:48:29, MOVE, v:1, k:ed@bufferring, mode:PICK
2026-06-16 07:48:33, EXEC, v:1, k:ed@bufferring, mode:FULL, rate:0, size:118
2026-06-16 07:50:30, EXEC, v:1, k:ed@bufferring, mode:FULL, rate:0, size:118
2026-06-16 07:52:05, EXEC, v:1, k:ed@bufferring, mode:FULL, size:124, fail:COMP
2026-06-16 07:52:37, EXEC, v:1, k:ed@bufferring, mode:FULL, size:126, fail:COMP
2026-06-16 07:52:35, MOVE, v:1, k:ed@bufferring, mode:EDIT
2026-06-16 07:53:05, EXEC, v:1, k:ed@bufferring, mode:FULL, size:126, fail:COMP
2026-06-16 07:54:12, EXEC, v:1, k:ed@bufferring, mode:FULL, size:126, fail:COMP
2026-06-16 07:54:13, EXEC, v:1, k:ed@bufferring, mode:FULL, fail:COMP
2026-06-16 07:55:34, EXEC, v:1, k:ed@bufferring, mode:FULL, rate:0, size:118
2026-06-16 07:57:33, MOVE, v:1, k:ed@bufferring, mode:EDIT
2026-06-16 08:08:00, MOVE, v:1, k:ed@bufferring, mode:EDIT
2026-06-16 08:14:53, MOVE, v:1, k:ed@bufferring, mode:EDIT
2026-06-16 08:18:45, EXEC, v:1, k:ed@bufferring, mode:FULL, size:132, fail:COMP
2026-06-16 08:18:57, EXEC, v:1, k:ed@bufferring, mode:FULL, size:132, fail:COMP
2026-06-16 08:19:07, EXEC, v:1, k:ed@bufferring, mode:FULL, size:132, fail:COMP
2026-06-16 08:21:33, EXEC, v:1, k:ed@bufferring, mode:FULL, size:132, fail:COMP
2026-06-16 08:21:49, EXEC, v:1, k:ed@bufferring, mode:FULL, size:132, fail:COMP
2026-06-16 08:22:08, EXEC, v:1, k:ed@bufferring, mode:FULL, rate:16, size:133
2026-06-16 08:22:06, MOVE, v:1, k:ed@bufferring, mode:EDIT
2026-06-16 08:23:58, EXEC, v:1, k:ed@bufferring, mode:FULL, rate:16, size:139
2026-06-16 08:24:37, EXEC, v:1, k:ed@bufferring, mode:FULL, size:139, fail:COMP
2026-06-16 08:24:35, MOVE, v:1, k:ed@bufferring, mode:EDIT
2026-06-16 08:30:37, EXEC, v:1, k:ed@bufferring, mode:FULL, fail:COMP
2026-06-16 08:31:27, EXEC, v:1, k:ed@bufferring, mode:FULL, size:141, fail:COMP
2026-06-16 08:32:22, EXEC, v:1, k:ed@bufferring, mode:FULL, size:141, fail:COMP
2026-06-16 08:32:49, EXEC, v:1, k:ed@bufferring, mode:FULL, size:142, fail:COMP
2026-06-16 08:32:58, EXEC, v:1, k:ed@bufferring, mode:FULL, rate:16, size:142
2026-06-16 08:32:57, MOVE, v:1, k:ed@bufferring, mode:EDIT
2026-06-16 08:36:22, MOVE, v:1, k:ed@bufferring, mode:EDIT
2026-06-16 08:42:27, EXEC, v:1, k:ed@bufferring, mode:FULL, rate:33, size:162
2026-06-16 08:42:26, MOVE, v:1, k:ed@bufferring, mode:EDIT
2026-06-16 09:19:44, EXEC, v:1, k:ed@bufferring, mode:FULL, size:166, fail:COMP
2026-06-16 09:19:50, EXEC, v:1, k:ed@bufferring, mode:FULL, rate:33, size:166
2026-06-16 09:20:26, EXEC, v:1, k:ed@bufferring, mode:FULL, rate:33, size:167
2026-06-16 09:22:28, EXEC, v:1, k:ed@bufferring, mode:FULL, rate:33, size:172
2026-06-16 09:22:48, EXEC, v:1, k:ed@bufferring, mode:FULL, rate:33, size:172
2026-06-16 09:22:46, MOVE, v:1, k:ed@bufferring, mode:EDIT
2026-06-16 09:24:19, EXEC, v:1, k:ed@bufferring, mode:FULL, rate:33, size:176
2026-06-16 09:24:36, EXEC, v:1, k:ed@bufferring, mode:FULL, rate:33, size:177
2026-06-16 09:25:05, EXEC, v:1, k:ed@bufferring, mode:FULL, size:181, fail:COMP
2026-06-16 09:25:12, EXEC, v:1, k:ed@bufferring, mode:FULL, rate:50, size:181
2026-06-16 09:25:10, MOVE, v:1, k:ed@bufferring, mode:EDIT
2026-06-16 10:38:20, SELF, v:1, k:ed@editorint, self:1
2026-06-16 10:38:41, MOVE, v:1, k:ed@editorint, mode:PICK
2026-06-16 10:38:42, MOVE, v:1, k:ed@editorint, mode:BACK
2026-06-16 10:41:06, MOVE, v:1, k:ed@editorint, mode:PICK
2026-06-16 10:41:25, MOVE, v:1, k:ed@bufferring, mode:BACK
2026-06-16 10:41:30, MOVE, v:1, k:ed@editorint, mode:BACK
2026-06-16 10:42:12, MOVE, v:1, k:ed@ilhas, mode:PICK
2026-06-16 10:42:50, MOVE, v:1, k:ed@ilhas, mode:BACK
2026-06-16 10:42:56, MOVE, v:1, k:ed@pintura, mode:DOWN
2026-06-16 10:43:00, MOVE, v:1, k:ed@pintura, mode:PICK
2026-06-16 10:43:01, EXEC, v:1, k:ed@pintura, mode:FULL, size:57, fail:COMP
2026-06-16 10:42:56, MOVE, v:1, k:ed@pintura, mode:EDIT
2026-06-16 10:42:56, MOVE, v:1, k:ed@pintura, mode:EDIT
2026-06-16 10:42:56, MOVE, v:1, k:ed@pintura, mode:EDIT
