2026-04-20 07:28:40, MOVE, v:1, k:ed@vetbuild, mode:PICK
2026-04-20 07:35:59, MOVE, v:1, k:ed@vetbuild, mode:BACK
2026-04-20 07:51:44, MOVE, v:1, k:ed@vetbuild, mode:PICK
2026-04-20 07:55:46, EXEC, v:1, k:ed@vetbuild, mode:FULL, size:130, fail:COMP
2026-04-20 07:58:32, MOVE, v:1, k:ed@vetbuild, mode:EDIT
2026-04-20 08:32:40, MOVE, v:1, k:ed@vetbuild, mode:PICK
2026-04-20 08:32:44, EXEC, v:1, k:ed@vetbuild, mode:FULL, size:130, fail:COMP
2026-04-20 08:32:35, MOVE, v:1, k:ed@vetbuild, mode:EDIT
2026-04-20 08:37:33, EXEC, v:1, k:ed@vetbuild, mode:FULL, fail:COMP
2026-04-20 15:14:58, EXEC, v:1, k:ed@vetbuild, mode:FULL, fail:COMP
2026-04-20 15:16:02, EXEC, v:1, k:ed@vetbuild, mode:FULL, rate:0, size:131
2026-04-20 15:16:00, MOVE, v:1, k:ed@vetbuild, mode:EDIT
2026-04-20 15:20:52, EXEC, v:1, k:ed@vetbuild, mode:FULL, size:131, fail:COMP
2026-04-20 15:22:41, MOVE, v:1, k:ed@vetbuild, mode:EDIT
2026-04-20 15:45:48, EXEC, v:1, k:ed@vetbuild, mode:FULL, size:135, fail:COMP
2026-04-20 15:46:21, EXEC, v:1, k:ed@vetbuild, mode:FULL, size:135, fail:COMP
2026-04-20 15:46:19, MOVE, v:1, k:ed@vetbuild, mode:EDIT
2026-04-20 15:49:54, EXEC, v:1, k:ed@vetbuild, mode:FULL, size:135, fail:COMP
2026-04-20 15:50:27, EXEC, v:1, k:ed@vetbuild, mode:FULL, rate:0, size:135
2026-04-20 15:52:35, EXEC, v:1, k:ed@vetbuild, mode:FULL, size:139, fail:COMP
2026-04-20 15:52:53, EXEC, v:1, k:ed@vetbuild, mode:FULL, size:139, fail:COMP
2026-04-20 15:52:54, EXEC, v:1, k:ed@vetbuild, mode:FULL, fail:COMP
2026-04-20 15:52:51, MOVE, v:1, k:ed@vetbuild, mode:EDIT
2026-04-20 15:55:04, EXEC, v:1, k:ed@vetbuild, mode:FULL, rate:18, size:139
2026-04-20 15:54:59, MOVE, v:1, k:ed@vetbuild, mode:EDIT
2026-04-20 16:10:50, MOVE, v:1, k:ed@vetbuild, mode:BACK
2026-04-20 16:12:42, MOVE, v:1, k:ed@vetbuild, mode:PICK
2026-04-20 16:12:54, EXEC, v:1, k:ed@vetbuild, mode:FULL, rate:18
2026-04-20 16:50:10, MOVE, v:1, k:ed@vetbuild, mode:BACK
