2026-06-03 07:59:31, MOVE, v:1, k:ed@wordsearch, mode:PICK
2026-06-03 07:59:33, EXEC, v:1, k:ed@wordsearch, mode:FULL, size:66, fail:COMP
2026-06-03 07:59:58, EXEC, v:1, k:ed@wordsearch, mode:FULL, size:66, fail:COMP
2026-06-03 07:59:59, EXEC, v:1, k:ed@wordsearch, mode:FULL, fail:COMP
2026-06-03 08:00:36, MOVE, v:1, k:ed@wordsearch, mode:BACK
2026-06-03 08:00:45, MOVE, v:1, k:sandbox@user_006, mode:PICK
2026-06-03 08:01:18, EXEC, v:1, k:sandbox@user_006, mode:FULL, fail:COMP
2026-06-03 08:01:19, EXEC, v:1, k:sandbox@user_006, mode:FULL, fail:COMP
2026-06-03 08:04:13, EXEC, v:1, k:sandbox@user_006, mode:FULL, size:48, fail:COMP
2026-06-03 08:04:14, EXEC, v:1, k:sandbox@user_006, mode:FULL, fail:COMP
2026-06-03 08:04:41, EXEC, v:1, k:sandbox@user_006, mode:LOCK, rate:0, size:29
2026-06-03 08:00:55, MOVE, v:1, k:ed@wordsearch, mode:EDIT
2026-06-03 08:04:37, MOVE, v:1, k:sandbox@user_006, mode:EDIT
2026-06-03 08:09:39, EXEC, v:1, k:sandbox@user_006, mode:FULL, size:46, fail:COMP
2026-06-03 08:10:11, EXEC, v:1, k:sandbox@user_006, mode:FULL, fail:COMP
2026-06-03 08:09:37, MOVE, v:1, k:sandbox@user_006, mode:EDIT
2026-06-03 08:10:59, EXEC, v:1, k:sandbox@user_006, mode:FULL, size:50, fail:COMP
2026-06-03 08:11:00, EXEC, v:1, k:sandbox@user_006, mode:FULL, fail:COMP
2026-06-03 08:12:00, EXEC, v:1, k:sandbox@user_006, mode:FULL, size:50, fail:COMP
2026-06-03 08:12:01, EXEC, v:1, k:sandbox@user_006, mode:FULL, fail:COMP
2026-06-03 08:12:43, EXEC, v:1, k:sandbox@user_006, mode:FULL, size:50, fail:COMP
2026-06-03 08:14:42, EXEC, v:1, k:sandbox@user_006, mode:FULL, fail:COMP
2026-06-03 08:14:42, EXEC, v:1, k:sandbox@user_006, mode:FULL, fail:COMP
2026-06-03 08:14:43, EXEC, v:1, k:sandbox@user_006, mode:FULL, fail:COMP
2026-06-03 08:14:55, EXEC, v:1, k:sandbox@user_006, mode:FULL, size:54, fail:COMP
2026-06-03 08:14:55, EXEC, v:1, k:sandbox@user_006, mode:FULL, size:54, fail:COMP
2026-06-03 08:14:48, MOVE, v:1, k:sandbox@user_006, mode:EDIT
2026-06-03 08:20:29, EXEC, v:1, k:sandbox@user_006, mode:FULL, size:64, fail:COMP
2026-06-03 08:20:30, EXEC, v:1, k:sandbox@user_006, mode:FULL, fail:COMP
2026-06-03 08:20:35, EXEC, v:1, k:sandbox@user_006, mode:FULL, size:64, fail:COMP
2026-06-03 08:20:36, EXEC, v:1, k:sandbox@user_006, mode:FULL, fail:COMP
2026-06-03 08:20:33, MOVE, v:1, k:sandbox@user_006, mode:EDIT
2026-06-03 08:21:55, EXEC, v:1, k:sandbox@user_006, mode:FULL, size:64, fail:COMP
2026-06-03 08:21:56, EXEC, v:1, k:sandbox@user_006, mode:FULL, fail:COMP
2026-06-03 08:22:23, EXEC, v:1, k:sandbox@user_006, mode:FULL, size:64, fail:COMP
2026-06-03 08:22:23, EXEC, v:1, k:sandbox@user_006, mode:FULL, size:64, fail:COMP
2026-06-03 08:22:35, EXEC, v:1, k:sandbox@user_006, mode:FULL, size:65, fail:COMP
2026-06-03 08:22:36, EXEC, v:1, k:sandbox@user_006, mode:FULL, fail:COMP
2026-06-03 08:22:47, EXEC, v:1, k:sandbox@user_006, mode:FULL, size:64, fail:COMP
2026-06-03 08:22:48, EXEC, v:1, k:sandbox@user_006, mode:FULL, fail:COMP
2026-06-03 08:23:43, EXEC, v:1, k:sandbox@user_006, mode:LOCK, rate:0, size:64
2026-06-03 08:24:10, MOVE, v:1, k:sandbox@user_006, mode:BACK
2026-06-03 08:24:16, MOVE, v:1, k:sandbox@user_011, mode:PICK
2026-06-03 08:24:36, MOVE, v:1, k:sandbox@user_011, mode:BACK
2026-06-03 08:24:50, MOVE, v:1, k:sandbox@user_013, mode:PICK
2026-06-03 08:23:41, MOVE, v:1, k:sandbox@user_006, mode:EDIT
2026-06-03 08:37:50, MOVE, v:1, k:sandbox@user_013, mode:BACK
2026-06-03 08:37:57, MOVE, v:1, k:ed@vetbuild, mode:PICK
2026-06-03 08:38:03, MOVE, v:1, k:ed@wordsearch, mode:EDIT
2026-06-03 09:14:24, MOVE, v:1, k:ed@vetbuild, mode:BACK
2026-06-03 09:14:33, MOVE, v:1, k:ed@editorint, mode:PICK
2026-06-03 09:32:33, MOVE, v:1, k:ed@editorint, mode:BACK
2026-06-03 09:32:47, MOVE, v:1, k:ed@labirinto, mode:PICK
