2026-03-30 16:30:45, MOVE, v:1, k:ed@manipulacao, mode:PICK
2026-03-30 16:34:53, MOVE, v:1, k:ed@manipulacao, mode:BACK
2026-03-30 16:45:10, MOVE, v:1, k:ed@manipulacao, mode:PICK
2026-03-30 16:45:20, EXEC, v:1, k:ed@manipulacao, mode:FULL, rate:0, size:106
2026-03-30 16:49:11, EXEC, v:1, k:ed@manipulacao, mode:FULL, size:112, fail:COMP
2026-03-30 16:50:22, EXEC, v:1, k:ed@manipulacao, mode:FULL, rate:14, size:114
2026-03-30 16:59:31, EXEC, v:1, k:ed@manipulacao, mode:FULL, size:121, fail:COMP
2026-03-30 16:59:42, EXEC, v:1, k:ed@manipulacao, mode:FULL, rate:14, size:121
2026-03-30 17:00:25, EXEC, v:1, k:ed@manipulacao, mode:FULL, rate:28, size:121
2026-03-30 17:01:45, EXEC, v:1, k:ed@manipulacao, mode:FULL, rate:28
2026-03-30 17:02:37, EXEC, v:1, k:ed@manipulacao, mode:FULL, rate:14, size:121
2026-03-30 17:03:43, EXEC, v:1, k:ed@manipulacao, mode:FULL, rate:28, size:121
2026-03-30 17:06:06, MOVE, v:1, k:ed@manipulacao, mode:BACK
2026-03-30 17:06:07, MOVE, v:1, k:ed@manipulacao, mode:PICK
2026-03-30 17:33:28, MOVE, v:1, k:ed@manipulacao, mode:BACK
2026-03-30 18:00:31, MOVE, v:1, k:ed@manipulacao, mode:PICK
2026-03-30 18:09:58, EXEC, v:1, k:ed@manipulacao, mode:FULL, size:131, fail:COMP
2026-03-30 18:10:45, EXEC, v:1, k:ed@manipulacao, mode:FULL, rate:28, size:131
2026-03-30 18:39:15, MOVE, v:1, k:ed@manipulacao, mode:BACK
2026-03-30 19:43:18, MOVE, v:1, k:ed@manipulacao, mode:PICK
2026-03-30 19:43:24, EXEC, v:1, k:ed@manipulacao, mode:FULL, rate:28
2026-03-30 20:18:45, EXEC, v:1, k:ed@manipulacao, mode:FULL, rate:28, size:133
2026-03-30 20:20:58, EXEC, v:1, k:ed@manipulacao, mode:FULL, rate:28, size:133
2026-03-30 20:21:23, EXEC, v:1, k:ed@manipulacao, mode:FULL, rate:28
2026-03-30 20:22:04, EXEC, v:1, k:ed@manipulacao, mode:FULL, rate:42, size:133
2026-03-30 20:39:12, MOVE, v:1, k:ed@manipulacao, mode:BACK
