2026-05-26 10:14:35, MOVE, v:1, k:ed@editor, mode:PICK
2026-05-26 10:16:49, MOVE, v:1, k:ed@editor, mode:BACK
2026-05-26 10:40:28, MOVE, v:1, k:ed@fila_enc, mode:DOWN
2026-05-26 10:40:28, MOVE, v:1, k:ed@fila_enc, mode:PICK
2026-05-26 10:40:44, MOVE, v:1, k:ed@fila_enc, mode:BACK
2026-05-26 10:40:49, MOVE, v:1, k:ed@bufferring, mode:DOWN
2026-05-26 10:40:49, MOVE, v:1, k:ed@bufferring, mode:PICK
2026-05-26 10:40:28, MOVE, v:1, k:ed@fila_enc, mode:EDIT
2026-05-26 10:40:28, MOVE, v:1, k:ed@fila_enc, mode:EDIT
2026-05-26 10:40:28, MOVE, v:1, k:ed@fila_enc, mode:EDIT
2026-05-26 10:40:49, MOVE, v:1, k:ed@bufferring, mode:EDIT
2026-05-26 10:40:49, MOVE, v:1, k:ed@bufferring, mode:EDIT
2026-05-26 10:41:48, MOVE, v:1, k:ed@bufferring, mode:EDIT
2026-05-26 10:40:49, MOVE, v:1, k:ed@bufferring, mode:EDIT
2026-05-26 11:10:32, MOVE, v:1, k:ed@bufferring, mode:BACK
2026-05-26 15:32:24, SELF, v:1, k:ed@casais, self:1, rate:100, friend:nao, concept:1
2026-05-26 15:35:00, MOVE, v:1, k:ed@lista_d2, mode:PICK
2026-05-26 15:36:32, MOVE, v:1, k:ed@lista_d2, mode:BACK
2026-05-26 15:37:14, MOVE, v:1, k:ed@lista_d2, mode:PICK
2026-05-26 15:37:27, MOVE, v:1, k:ed@lista_d2, mode:BACK
2026-05-26 15:37:28, MOVE, v:1, k:ed@lista_d1, mode:PICK
2026-05-26 16:02:00, MOVE, v:1, k:ed@lista_d1, mode:BACK
2026-05-26 16:03:03, MOVE, v:1, k:ed@queimada, mode:PICK
2026-05-26 16:06:20, MOVE, v:1, k:ed@queimada, mode:BACK
2026-05-26 16:39:40, MOVE, v:1, k:ed@queimada, mode:EDIT
2026-05-26 18:09:08, MOVE, v:1, k:sandbox@user_009, mode:PICK
2026-05-26 18:13:45, MOVE, v:1, k:sandbox@user_009, mode:EDIT
2026-05-26 18:09:06, MOVE, v:1, k:sandbox@user_009, mode:EDIT
2026-05-26 18:14:20, EXEC, v:1, k:sandbox@user_009, mode:LOCK, rate:0, size:66
2026-05-26 18:14:23, EXEC, v:1, k:sandbox@user_009, mode:FREE
2026-05-26 18:18:19, MOVE, v:1, k:sandbox@user_009, mode:EDIT
2026-05-26 18:22:59, MOVE, v:1, k:sandbox@user_009, mode:EDIT
2026-05-26 18:31:55, MOVE, v:1, k:sandbox@user_009, mode:BACK
2026-05-26 18:32:04, MOVE, v:1, k:ed@labirinto, mode:PICK
2026-05-26 18:33:03, MOVE, v:1, k:ed@labirinto, mode:EDIT
2026-05-26 18:34:35, EXEC, v:1, k:ed@labirinto, mode:FULL, size:66, fail:COMP
2026-05-26 18:34:37, MOVE, v:1, k:ed@labirinto, mode:BACK
2026-05-26 18:34:59, MOVE, v:1, k:ed@labirinto, mode:DOWN
2026-05-26 18:35:00, MOVE, v:1, k:ed@labirinto, mode:PICK
2026-05-26 18:34:59, MOVE, v:1, k:ed@labirinto, mode:EDIT
2026-05-26 18:34:59, MOVE, v:1, k:ed@labirinto, mode:EDIT
2026-05-26 18:35:42, MOVE, v:1, k:ed@labirinto, mode:EDIT
2026-05-26 18:35:39, MOVE, v:1, k:sandbox@user_009, mode:EDIT
2026-05-26 18:47:54, MOVE, v:1, k:ed@labirinto, mode:EDIT
2026-05-26 18:49:23, MOVE, v:1, k:ed@labirinto, mode:BACK
2026-05-26 18:49:24, MOVE, v:1, k:ed@labirinto, mode:PICK
2026-05-26 18:50:07, MOVE, v:1, k:ed@labirinto, mode:PICK
2026-05-26 18:57:12, EXEC, v:1, k:ed@labirinto, mode:FULL, size:68, fail:COMP
2026-05-26 18:58:11, EXEC, v:1, k:ed@labirinto, mode:FULL, size:83, fail:COMP
2026-05-26 18:58:19, EXEC, v:1, k:ed@labirinto, mode:FULL, size:83, fail:COMP
2026-05-26 18:58:35, MOVE, v:1, k:ed@labirinto, mode:EDIT
2026-05-26 18:58:58, EXEC, v:1, k:ed@labirinto, mode:FULL, size:83, fail:COMP
2026-05-26 18:59:25, EXEC, v:1, k:ed@labirinto, mode:FULL, size:83, fail:COMP
2026-05-26 18:59:22, MOVE, v:1, k:ed@labirinto, mode:EDIT
2026-05-26 19:01:08, EXEC, v:1, k:ed@labirinto, mode:FULL, fail:COMP
2026-05-26 19:01:47, EXEC, v:1, k:ed@labirinto, mode:FULL, size:83, fail:COMP
2026-05-26 19:01:44, MOVE, v:1, k:ed@labirinto, mode:EDIT
2026-05-26 19:04:18, EXEC, v:1, k:ed@labirinto, mode:FULL, rate:0, size:83
2026-05-26 19:04:20, EXEC, v:1, k:ed@labirinto, mode:FULL, rate:0
2026-05-26 19:04:21, EXEC, v:1, k:ed@labirinto, mode:FULL, rate:0
2026-05-26 19:04:23, MOVE, v:1, k:ed@labirinto, mode:BACK
2026-05-26 19:04:24, MOVE, v:1, k:ed@labirinto, mode:PICK
2026-05-26 19:04:26, EXEC, v:1, k:ed@labirinto, mode:FULL, rate:0
2026-05-26 19:04:36, EXEC, v:1, k:ed@labirinto, mode:FULL, rate:0
2026-05-26 19:04:15, MOVE, v:1, k:ed@labirinto, mode:EDIT
2026-05-26 19:05:28, MOVE, v:1, k:ed@labirinto, mode:BACK
2026-05-26 19:04:15, MOVE, v:1, k:ed@labirinto, mode:EDIT
2026-05-26 19:15:36, MOVE, v:1, k:ed@labirinto, mode:EDIT
2026-05-26 19:17:20, MOVE, v:1, k:ed@queimada, mode:EDIT
2026-05-26 19:15:36, MOVE, v:1, k:ed@labirinto, mode:EDIT
2026-05-26 19:17:20, MOVE, v:1, k:ed@queimada, mode:EDIT
2026-05-26 19:21:52, MOVE, v:1, k:ed@labirinto, mode:PICK
2026-05-26 19:21:52, EXEC, v:1, k:ed@labirinto, mode:FULL, rate:0, size:83
2026-05-26 19:22:01, EXEC, v:1, k:ed@labirinto, mode:FULL, rate:0
2026-05-26 19:22:33, MOVE, v:1, k:ed@labirinto, mode:PICK
2026-05-26 19:22:34, EXEC, v:1, k:ed@labirinto, mode:FULL, rate:0
2026-05-26 19:22:45, MOVE, v:1, k:ed@labirinto, mode:BACK
2026-05-26 19:22:57, MOVE, v:1, k:ed@labirinto, mode:PICK
2026-05-26 19:22:58, EXEC, v:1, k:ed@labirinto, mode:FULL, rate:0
2026-05-26 19:22:54, MOVE, v:1, k:ed@queimada, mode:EDIT
2026-05-26 19:22:54, MOVE, v:1, k:ed@queimada, mode:EDIT
2026-05-26 19:56:54, MOVE, v:1, k:ed@labirinto, mode:BACK
2026-05-26 23:50:03, MOVE, v:1, k:ed@labirinto, mode:PICK
2026-05-26 23:51:12, MOVE, v:1, k:ed@labirinto, mode:EDIT
2026-05-26 23:53:11, MOVE, v:1, k:ed@labirinto, mode:EDIT
2026-05-26 23:54:37, EXEC, v:1, k:ed@labirinto, mode:FULL, size:82, fail:COMP
2026-05-26 23:54:47, EXEC, v:1, k:ed@labirinto, mode:FULL, size:82, fail:COMP
2026-05-26 23:55:20, EXEC, v:1, k:ed@labirinto, mode:FULL, rate:0, size:82
2026-05-26 23:56:06, EXEC, v:1, k:ed@labirinto, mode:FULL, rate:0, size:82
2026-05-26 23:57:40, MOVE, v:1, k:ed@labirinto, mode:EDIT
2026-05-26 23:58:52, MOVE, v:1, k:ed@labirinto, mode:EDIT
