2026-03-28 09:42:14, MOVE, v:1, k:ed@princesa, mode:PICK
2026-03-28 09:43:46, EXEC, v:1, k:ed@princesa, mode:FULL, rate:0
2026-03-28 15:22:41, SELF, v:1, k:ed@pedra, self:1, rate:100, study:24, friend:nao, debug:1
2026-03-28 15:23:09, SELF, v:1, k:ed@gomos, self:1, rate:100, study:120, friend:nao, concept:1, problem:1
2026-03-28 15:25:03, MOVE, v:1, k:ed@princesa, mode:PICK
2026-03-28 15:27:38, EXEC, v:1, k:ed@princesa, mode:FULL, rate:0
2026-03-28 15:27:43, EXEC, v:1, k:ed@princesa, mode:FULL, size:9, fail:COMP
2026-03-28 15:28:06, EXEC, v:1, k:ed@princesa, mode:LOCK, fail:COMP
2026-03-28 15:28:16, EXEC, v:1, k:ed@princesa, mode:LOCK, size:9, fail:COMP
2026-03-28 15:29:55, EXEC, v:1, k:ed@princesa, mode:LOCK, rate:0, size:9
2026-03-28 15:41:59, EXEC, v:1, k:ed@princesa, mode:FULL, size:17, fail:COMP
2026-03-28 15:42:01, EXEC, v:1, k:ed@princesa, mode:FULL, fail:COMP
2026-03-28 15:42:22, EXEC, v:1, k:ed@princesa, mode:FULL, size:17, fail:COMP
2026-03-28 15:43:01, EXEC, v:1, k:ed@princesa, mode:FULL, rate:0, size:17
2026-03-28 16:01:05, EXEC, v:1, k:ed@princesa, mode:FULL, size:30, fail:COMP
2026-03-28 16:52:54, EXEC, v:1, k:ed@princesa, mode:FULL, size:37, fail:COMP
2026-03-28 16:53:02, EXEC, v:1, k:ed@princesa, mode:FULL, fail:COMP
2026-03-28 16:54:38, EXEC, v:1, k:ed@princesa, mode:FULL, size:37, fail:COMP
2026-03-28 16:55:04, EXEC, v:1, k:ed@princesa, mode:FULL, size:37, fail:COMP
2026-03-28 17:07:24, MOVE, v:1, k:ed@princesa, mode:BACK
2026-03-28 17:07:29, MOVE, v:1, k:ed@princesa, mode:PICK
2026-03-28 17:11:53, EXEC, v:1, k:ed@princesa, mode:FULL, size:38, fail:COMP
2026-03-28 17:12:13, EXEC, v:1, k:ed@princesa, mode:FULL, fail:COMP
2026-03-28 17:12:31, EXEC, v:1, k:ed@princesa, mode:FULL, size:38, fail:COMP
2026-03-28 17:16:33, EXEC, v:1, k:ed@princesa, mode:FULL, rate:0, size:38
2026-03-28 17:17:13, EXEC, v:1, k:ed@princesa, mode:FULL, rate:0, size:38
2026-03-28 17:17:33, EXEC, v:1, k:ed@princesa, mode:FULL, rate:0
2026-03-28 17:17:38, EXEC, v:1, k:ed@princesa, mode:FULL, rate:0, size:38
2026-03-28 17:17:47, EXEC, v:1, k:ed@princesa, mode:FULL, rate:100, size:38
2026-03-28 17:45:15, EXEC, v:1, k:ed@princesa, mode:FULL, rate:100
2026-03-28 17:45:16, MOVE, v:1, k:ed@princesa, mode:BACK
2026-03-28 17:45:22, MOVE, v:1, k:ed@apagando, mode:PICK
2026-03-28 17:45:43, MOVE, v:1, k:ed@apagando, mode:BACK
