2026-03-24 10:21:45, MOVE, v:1, k:ed@baruel, mode:PICK
2026-03-24 10:21:46, MOVE, v:1, k:ed@baruel, mode:BACK
2026-03-24 10:22:05, MOVE, v:1, k:ed@casais, mode:PICK
2026-03-24 10:22:06, MOVE, v:1, k:ed@casais, mode:BACK
2026-03-24 10:22:52, SELF, v:1, k:ed@casais, self:1, rate:100, study:61, friend:nao, concept:1, code:1
2026-03-24 10:23:46, SELF, v:1, k:ed@casais, self:1, rate:100, study:61, friend:nao, concept:1
2026-03-24 10:24:09, SELF, v:1, k:ed@casais, self:1, rate:100, study:61, friend:nao, concept:1, debug:1
2026-03-24 10:24:38, SELF, v:1, k:ed@pedra, self:1, rate:100, study:24, friend:nao, code:1
2026-03-24 10:24:53, SELF, v:1, k:ed@pedra, self:1, rate:100, study:24, friend:nao, code:1
2026-03-24 10:25:04, SELF, v:1, k:ed@gomos, self:1, rate:100, study:120, friend:nao, concept:1, problem:1, code:1, debug:1, refactor:1
2026-03-24 10:25:50, SELF, v:1, k:ed@gomos, self:1, rate:100, study:120, friend:nao, concept:1, code:1
2026-03-24 10:26:07, SELF, v:1, k:ed@pedra, self:1, rate:100, study:24, friend:nao, code:1
2026-03-24 10:31:51, MOVE, v:1, k:ed@princesa, mode:PICK
2026-03-24 10:31:53, EXEC, v:1, k:ed@princesa, mode:FREE
2026-03-24 10:32:12, MOVE, v:1, k:ed@princesa, mode:PICK
2026-03-24 10:45:07, MOVE, v:1, k:ed@princesa, mode:BACK
2026-03-24 10:57:59, MOVE, v:1, k:ed@manipulacao, mode:PICK
2026-03-24 11:02:44, MOVE, v:1, k:ed@manipulacao, mode:BACK
2026-03-24 11:12:34, MOVE, v:1, k:ed@princesa, mode:PICK
2026-03-24 22:06:05, MOVE, v:1, k:ed@princesa, mode:BACK
2026-03-24 22:11:08, MOVE, v:1, k:ed@apagando, mode:PICK
2026-03-24 22:11:21, MOVE, v:1, k:ed@apagando, mode:BACK
