2026-05-24 17:30:06, MOVE, v:1, k:ed@lista_d4, mode:PICK
2026-05-24 17:31:07, EXEC, v:1, k:ed@lista_d4, mode:FULL, fail:COMP
2026-05-24 17:39:02, MOVE, v:1, k:ed@lista_d4, mode:EDIT
2026-05-24 17:41:54, EXEC, v:1, k:ed@lista_d4, mode:FULL, size:133, fail:COMP
2026-05-24 17:43:27, EXEC, v:1, k:ed@lista_d4, mode:FULL, rate:66, size:143
2026-05-24 17:43:26, MOVE, v:1, k:ed@lista_d4, mode:EDIT
2026-05-24 17:55:40, MOVE, v:1, k:ed@lista_d4, mode:EDIT
2026-05-24 18:00:21, MOVE, v:1, k:ed@lista_d4, mode:EDIT
2026-05-24 18:09:25, EXEC, v:1, k:ed@lista_d4, mode:FULL, size:164, fail:COMP
2026-05-24 18:09:43, EXEC, v:1, k:ed@lista_d4, mode:FULL, size:164, fail:COMP
2026-05-24 18:09:42, MOVE, v:1, k:ed@lista_d4, mode:EDIT
2026-05-24 18:10:45, EXEC, v:1, k:ed@lista_d4, mode:FULL, rate:100, size:165
2026-05-24 18:10:51, MOVE, v:1, k:ed@lista_d4, mode:BACK
2026-05-24 18:11:14, SELF, v:1, k:ed@lista_d4, self:1, rate:100, study:50, concept:1
2026-05-24 18:11:22, MOVE, v:1, k:ed@prin_list1, mode:PICK
2026-05-24 18:10:43, MOVE, v:1, k:ed@lista_d4, mode:EDIT
2026-05-24 18:19:12, MOVE, v:1, k:ed@prin_list1, mode:BACK
2026-05-24 18:19:17, MOVE, v:1, k:ed@lista_d4, mode:PICK
2026-05-24 18:22:18, MOVE, v:1, k:ed@queimada, mode:PICK
2026-05-24 18:22:30, EXEC, v:1, k:ed@queimada, mode:FULL, rate:100
2026-05-24 18:22:31, MOVE, v:1, k:ed@queimada, mode:BACK
