2026-04-08 09:38:09, MOVE, v:1, k:ed@treinando, mode:PICK
2026-04-08 09:38:11, EXEC, v:1, k:ed@treinando, mode:FULL, rate:33
2026-04-08 09:38:20, MOVE, v:1, k:ed@treinando, mode:BACK
2026-04-08 09:38:43, MOVE, v:1, k:ed@treinando, mode:PICK
2026-04-08 10:56:05, MOVE, v:1, k:ed@treinando, mode:BACK
2026-04-08 11:04:13, MOVE, v:1, k:ed@treinando, mode:PICK
2026-04-08 11:04:16, EXEC, v:1, k:ed@treinando, mode:FULL, rate:33
2026-04-08 11:05:26, MOVE, v:1, k:ed@treinando, mode:BACK
2026-04-08 11:05:39, MOVE, v:1, k:ed@fractais_png, mode:PICK
2026-04-08 11:05:41, MOVE, v:1, k:ed@fractais_png, mode:BACK
2026-04-08 11:05:21, MOVE, v:1, k:ed@treinando, mode:EDIT
2026-04-08 11:08:19, MOVE, v:1, k:ed@fractais_png, mode:PICK
2026-04-08 11:08:21, MOVE, v:1, k:ed@fractais_png, mode:BACK
2026-04-08 11:13:20, MOVE, v:1, k:ed@triangulo, mode:PICK
2026-04-08 11:13:21, MOVE, v:1, k:ed@triangulo, mode:BACK
2026-04-08 11:13:22, MOVE, v:1, k:ed@treinando, mode:PICK
2026-04-08 11:16:25, EXEC, v:1, k:ed@treinando, mode:FULL, size:93, fail:COMP
2026-04-08 11:16:34, MOVE, v:1, k:ed@treinando, mode:BACK
2026-04-08 11:16:45, MOVE, v:1, k:ed@treinando, mode:PICK
2026-04-08 11:16:46, EXEC, v:1, k:ed@treinando, mode:FULL, size:93, fail:COMP
2026-04-08 11:17:37, MOVE, v:1, k:ed@treinando, mode:PICK
2026-04-08 11:17:38, EXEC, v:1, k:ed@treinando, mode:FULL, fail:COMP
2026-04-08 11:17:59, EXEC, v:1, k:ed@treinando, mode:FULL, size:91, fail:COMP
2026-04-08 11:18:00, EXEC, v:1, k:ed@treinando, mode:FULL, fail:COMP
2026-04-08 11:19:41, EXEC, v:1, k:ed@treinando, mode:FULL, size:91, fail:COMP
2026-04-08 11:19:42, EXEC, v:1, k:ed@treinando, mode:FULL, fail:COMP
2026-04-08 11:20:00, EXEC, v:1, k:ed@treinando, mode:FULL, size:91, fail:COMP
2026-04-08 11:20:01, EXEC, v:1, k:ed@treinando, mode:FULL, fail:COMP
2026-04-08 11:20:02, EXEC, v:1, k:ed@treinando, mode:FULL, fail:COMP
2026-04-08 11:20:10, EXEC, v:1, k:ed@treinando, mode:FREE
2026-04-08 11:20:15, MOVE, v:1, k:ed@treinando, mode:BACK
2026-04-08 11:20:17, MOVE, v:1, k:ed@treinando, mode:PICK
2026-04-08 11:20:18, EXEC, v:1, k:ed@treinando, mode:FULL, fail:COMP
2026-04-08 11:20:23, MOVE, v:1, k:ed@treinando, mode:BACK
2026-04-08 11:21:25, MOVE, v:1, k:ed@treinando, mode:PICK
2026-04-08 11:21:27, EXEC, v:1, k:ed@treinando, mode:FULL, size:91, fail:COMP
2026-04-08 11:21:19, MOVE, v:1, k:ed@treinando, mode:EDIT
2026-04-08 11:22:54, EXEC, v:1, k:ed@treinando, mode:FULL, fail:COMP
2026-04-08 11:22:58, EXEC, v:1, k:ed@treinando, mode:FULL, size:91, fail:COMP
2026-04-08 11:23:04, EXEC, v:1, k:ed@treinando, mode:FULL, size:91, fail:COMP
2026-04-08 11:23:21, EXEC, v:1, k:ed@treinando, mode:FULL, fail:COMP
2026-04-08 11:23:32, MOVE, v:1, k:ed@treinando, mode:BACK
2026-04-08 11:24:10, MOVE, v:1, k:ed@treinando, mode:DOWN
2026-04-08 11:24:11, MOVE, v:1, k:ed@treinando, mode:PICK
2026-04-08 11:24:17, MOVE, v:1, k:ed@treinando, mode:BACK
2026-04-08 11:24:10, MOVE, v:1, k:ed@treinando, mode:EDIT
2026-04-08 11:24:10, MOVE, v:1, k:ed@treinando, mode:EDIT
2026-04-08 11:45:07, EXEC, v:1, k:src@go, mode:FREE, size:152
2026-04-08 15:16:15, MOVE, v:1, k:ed@treinando, mode:PICK
2026-04-08 15:34:34, EXEC, v:1, k:ed@treinando, mode:FULL, rate:16, size:87
2026-04-08 15:35:27, EXEC, v:1, k:ed@treinando, mode:FULL, rate:16, size:90
2026-04-08 15:35:18, MOVE, v:1, k:ed@treinando, mode:EDIT
2026-04-08 16:01:20, MOVE, v:1, k:ed@treinando, mode:BACK
2026-04-08 16:34:27, MOVE, v:1, k:ed@treinando, mode:PICK
2026-04-08 16:34:37, EXEC, v:1, k:ed@treinando, mode:FULL, rate:33, size:90
2026-04-08 16:34:44, MOVE, v:1, k:ed@treinando, mode:BACK
2026-04-08 16:34:35, MOVE, v:1, k:ed@treinando, mode:EDIT
2026-04-08 16:57:51, MOVE, v:1, k:ed@treinando, mode:PICK
2026-04-08 16:58:28, EXEC, v:1, k:ed@treinando, mode:FULL, size:94, fail:COMP
2026-04-08 17:00:06, EXEC, v:1, k:ed@treinando, mode:FULL, size:94, fail:COMP
2026-04-08 17:00:28, EXEC, v:1, k:ed@treinando, mode:FULL, size:94, fail:COMP
2026-04-08 17:01:09, EXEC, v:1, k:ed@treinando, mode:FULL, size:95, fail:COMP
2026-04-08 17:01:06, MOVE, v:1, k:ed@treinando, mode:EDIT
2026-04-08 17:01:22, EXEC, v:1, k:ed@treinando, mode:FULL, size:95, fail:COMP
2026-04-08 17:01:44, EXEC, v:1, k:ed@treinando, mode:FULL, size:94, fail:COMP
2026-04-08 17:02:07, EXEC, v:1, k:ed@treinando, mode:FULL, size:94, fail:COMP
2026-04-08 17:02:16, EXEC, v:1, k:ed@treinando, mode:FULL, size:94, fail:COMP
2026-04-08 17:04:18, EXEC, v:1, k:ed@treinando, mode:FULL, size:94, fail:COMP
2026-04-08 17:04:17, MOVE, v:1, k:ed@treinando, mode:EDIT
2026-04-08 17:06:59, EXEC, v:1, k:ed@treinando, mode:FULL, size:93, fail:COMP
2026-04-08 17:06:57, MOVE, v:1, k:ed@treinando, mode:EDIT
2026-04-08 17:16:11, EXEC, v:1, k:ed@treinando, mode:FULL, fail:COMP
2026-04-08 17:16:12, EXEC, v:1, k:ed@treinando, mode:FULL, fail:COMP
2026-04-08 17:16:13, EXEC, v:1, k:ed@treinando, mode:FULL, fail:COMP
2026-04-08 17:17:18, EXEC, v:1, k:ed@treinando, mode:FULL, rate:0, size:93
2026-04-08 17:19:02, EXEC, v:1, k:ed@treinando, mode:FULL, size:93, fail:COMP
2026-04-08 17:19:13, EXEC, v:1, k:ed@treinando, mode:FULL, rate:33, size:93
2026-04-08 17:19:11, MOVE, v:1, k:ed@treinando, mode:EDIT
2026-04-08 17:21:53, EXEC, v:1, k:ed@treinando, mode:FULL, rate:33, size:94
2026-04-08 17:24:13, EXEC, v:1, k:ed@treinando, mode:FULL, rate:33, size:93
2026-04-08 17:24:05, MOVE, v:1, k:ed@treinando, mode:EDIT
2026-04-08 17:31:17, MOVE, v:1, k:ed@treinando, mode:BACK
2026-04-08 17:31:27, MOVE, v:1, k:ed@treinando, mode:PICK
2026-04-08 17:44:04, MOVE, v:1, k:ed@treinando, mode:BACK
2026-04-08 18:50:16, MOVE, v:1, k:ed@princesa, mode:PICK
2026-04-08 18:50:31, MOVE, v:1, k:ed@princesa, mode:BACK
