2026-04-14 01:00:25, MOVE, v:1, k:ed@especiais, mode:BACK
2026-04-14 01:00:34, MOVE, v:1, k:ed@manipulacao, mode:PICK
2026-04-14 01:00:55, MOVE, v:1, k:ed@manipulacao, mode:BACK
2026-04-14 01:01:34, MOVE, v:1, k:ed@pedra, mode:PICK
2026-04-14 01:03:22, EXEC, v:1, k:ed@pedra, mode:FULL, rate:100
2026-04-14 01:04:12, MOVE, v:1, k:ed@pedra, mode:BACK
2026-04-14 01:04:19, MOVE, v:1, k:ed@pedra, mode:DOWN
2026-04-14 01:04:28, MOVE, v:1, k:ed@pedra, mode:PICK
2026-04-14 01:04:30, EXEC, v:1, k:ed@pedra, mode:FULL, rate:0, size:5
2026-04-14 01:04:19, MOVE, v:1, k:ed@pedra, mode:EDIT
2026-04-14 01:04:19, MOVE, v:1, k:ed@pedra, mode:EDIT
2026-04-14 01:04:19, MOVE, v:1, k:ed@pedra, mode:EDIT
2026-04-14 01:08:00, MOVE, v:1, k:ed@pedra, mode:EDIT
2026-04-14 01:11:09, EXEC, v:1, k:ed@pedra, mode:FULL, rate:0, size:20
2026-04-14 01:12:45, EXEC, v:1, k:ed@pedra, mode:FULL, rate:0, size:22
2026-04-14 01:14:28, EXEC, v:1, k:ed@pedra, mode:FULL, rate:0, size:23
2026-04-14 01:14:26, MOVE, v:1, k:ed@pedra, mode:EDIT
2026-04-14 01:16:28, EXEC, v:1, k:ed@pedra, mode:FULL, rate:0
2026-04-14 01:16:33, EXEC, v:1, k:ed@pedra, mode:FULL, rate:0, size:30
2026-04-14 01:16:31, MOVE, v:1, k:ed@pedra, mode:EDIT
2026-04-14 01:23:01, EXEC, v:1, k:ed@pedra, mode:FULL, rate:100, size:42
2026-04-14 01:23:10, MOVE, v:1, k:ed@pedra, mode:BACK
2026-04-14 01:23:12, MOVE, v:1, k:ed@pedra, mode:PICK
2026-04-14 01:23:14, MOVE, v:1, k:ed@pedra, mode:BACK
2026-04-14 01:23:34, SELF, v:1, k:ed@pedra, self:1, rate:100, study:30, friend:nao, refactor:1
2026-04-14 01:23:43, MOVE, v:1, k:ed@casais, mode:PICK
2026-04-14 01:22:59, MOVE, v:1, k:ed@pedra, mode:EDIT
2026-04-14 01:50:44, MOVE, v:1, k:ed@casais, mode:BACK
2026-04-14 01:51:03, MOVE, v:1, k:ed@pedra, mode:PICK
2026-04-14 01:51:14, MOVE, v:1, k:ed@pedra, mode:BACK
2026-04-14 01:52:20, MOVE, v:1, k:ed@apagando, mode:PICK
2026-04-14 01:54:48, MOVE, v:1, k:ed@apagando, mode:BACK
2026-04-14 01:54:53, MOVE, v:1, k:ed@triangulo, mode:PICK
2026-04-14 01:57:14, MOVE, v:1, k:ed@triangulo, mode:BACK
2026-04-14 01:57:30, MOVE, v:1, k:ed@casais, mode:PICK
2026-04-14 08:12:25, MOVE, v:1, k:ed@casais, mode:DOWN
2026-04-14 08:12:26, MOVE, v:1, k:ed@casais, mode:PICK
2026-04-14 08:14:26, EXEC, v:1, k:ed@casais, mode:FULL, rate:0, size:14
2026-04-14 08:16:24, EXEC, v:1, k:ed@casais, mode:FULL, rate:0, size:13
2026-04-14 08:12:25, MOVE, v:1, k:ed@casais, mode:EDIT
2026-04-14 08:12:25, MOVE, v:1, k:ed@casais, mode:EDIT
2026-04-14 08:16:22, MOVE, v:1, k:ed@casais, mode:EDIT
2026-04-14 08:17:43, MOVE, v:1, k:ed@casais, mode:EDIT
2026-04-14 08:41:58, MOVE, v:1, k:ed@casais, mode:EDIT
2026-04-14 08:42:51, EXEC, v:1, k:ed@casais, mode:FULL, size:28, fail:COMP
2026-04-14 08:43:10, EXEC, v:1, k:ed@casais, mode:FULL, size:28, fail:COMP
2026-04-14 08:43:26, EXEC, v:1, k:ed@casais, mode:FULL, rate:0, size:28
2026-04-14 08:43:39, EXEC, v:1, k:ed@casais, mode:FULL, rate:100, size:27
2026-04-14 08:46:23, MOVE, v:1, k:ed@casais, mode:BACK
2026-04-14 08:46:40, SELF, v:1, k:ed@casais, self:1, rate:100, study:70, friend:nao, concept:1, debug:1
2026-04-14 08:46:42, MOVE, v:1, k:ed@baruel, mode:PICK
2026-04-14 08:46:16, MOVE, v:1, k:ed@casais, mode:EDIT
2026-04-14 08:54:00, EXEC, v:1, k:ed@baruel, mode:FULL, size:84, fail:COMP
2026-04-14 08:54:09, EXEC, v:1, k:ed@baruel, mode:FULL, rate:0, size:84
2026-04-14 08:54:07, MOVE, v:1, k:ed@baruel, mode:EDIT
2026-04-14 09:00:35, MOVE, v:1, k:ed@baruel, mode:EDIT
2026-04-14 09:16:50, EXEC, v:1, k:ed@baruel, mode:FULL, rate:50, size:124
2026-04-14 09:16:46, MOVE, v:1, k:ed@baruel, mode:EDIT
2026-04-14 09:20:31, EXEC, v:1, k:ed@baruel, mode:FULL, rate:100, size:124
2026-04-14 09:20:32, MOVE, v:1, k:ed@baruel, mode:BACK
2026-04-14 09:21:04, MOVE, v:1, k:ed@baruel, mode:PICK
2026-04-14 09:21:05, EXEC, v:1, k:ed@baruel, mode:FULL, rate:100
2026-04-14 09:20:25, MOVE, v:1, k:ed@baruel, mode:EDIT
2026-04-14 10:10:07, MOVE, v:1, k:ed@baruel, mode:BACK
2026-04-14 10:21:25, MOVE, v:1, k:eval1@apagando, mode:DOWN
2026-04-14 10:21:30, MOVE, v:1, k:eval1@apagando, mode:PICK
2026-04-14 10:22:50, MOVE, v:1, k:eval1@apagando, mode:BACK
2026-04-14 10:22:56, MOVE, v:1, k:ed@apagando, mode:PICK
2026-04-14 10:21:25, MOVE, v:1, k:eval1@apagando, mode:EDIT
2026-04-14 10:21:25, MOVE, v:1, k:eval1@apagando, mode:EDIT
2026-04-14 10:23:41, MOVE, v:1, k:eval1@apagando, mode:EDIT
2026-04-14 10:27:04, MOVE, v:1, k:eval1@apagando, mode:EDIT
2026-04-14 10:31:05, EXEC, v:1, k:ed@apagando, mode:FULL, rate:100
2026-04-14 10:31:08, MOVE, v:1, k:ed@apagando, mode:BACK
2026-04-14 10:31:29, SELF, v:1, k:eval1@apagando, self:1, study:10
2026-04-14 10:32:08, MOVE, v:1, k:eval1@casais, mode:DOWN
2026-04-14 10:32:11, MOVE, v:1, k:eval1@casais, mode:PICK
2026-04-14 10:32:21, MOVE, v:1, k:eval1@casais, mode:BACK
2026-04-14 10:32:32, MOVE, v:1, k:ed@casais, mode:PICK
2026-04-14 10:31:02, MOVE, v:1, k:eval1@apagando, mode:EDIT
2026-04-14 10:32:08, MOVE, v:1, k:eval1@casais, mode:EDIT
2026-04-14 10:32:08, MOVE, v:1, k:eval1@casais, mode:EDIT
2026-04-14 10:35:07, MOVE, v:1, k:eval1@casais, mode:EDIT
2026-04-14 10:42:30, EXEC, v:1, k:ed@casais, mode:FULL, rate:100
2026-04-14 10:42:31, MOVE, v:1, k:ed@casais, mode:BACK
2026-04-14 10:42:37, MOVE, v:1, k:eval1@casais, mode:PICK
2026-04-14 10:42:38, EXEC, v:1, k:eval1@casais, mode:FULL, size:29, fail:COMP
2026-04-14 10:42:45, EXEC, v:1, k:eval1@casais, mode:FULL, rate:75, size:29
2026-04-14 10:43:16, EXEC, v:1, k:eval1@casais, mode:FULL, rate:100, size:29
2026-04-14 10:43:17, MOVE, v:1, k:eval1@casais, mode:BACK
2026-04-14 10:43:18, MOVE, v:1, k:eval1@casais, mode:PICK
2026-04-14 10:43:19, MOVE, v:1, k:eval1@casais, mode:BACK
2026-04-14 10:43:24, MOVE, v:1, k:eval1@apagando, mode:PICK
2026-04-14 10:43:25, EXEC, v:1, k:eval1@apagando, mode:FULL, rate:0, size:28
2026-04-14 10:43:27, MOVE, v:1, k:eval1@apagando, mode:BACK
2026-04-14 10:43:44, MOVE, v:1, k:eval1@apagando, mode:PICK
2026-04-14 10:43:46, EXEC, v:1, k:eval1@apagando, mode:FULL, rate:0
2026-04-14 10:44:10, MOVE, v:1, k:eval1@apagando, mode:PICK
2026-04-14 10:44:13, EXEC, v:1, k:eval1@apagando, mode:FULL, rate:0
2026-04-14 10:45:52, MOVE, v:1, k:eval1@apagando, mode:BACK
2026-04-14 10:45:53, MOVE, v:1, k:eval1@apagando, mode:PICK
2026-04-14 10:45:58, EXEC, v:1, k:eval1@apagando, mode:FULL, rate:0
2026-04-14 10:46:37, MOVE, v:1, k:eval1@apagando, mode:BACK
2026-04-14 10:46:50, MOVE, v:1, k:eval1@apagando, mode:DOWN
2026-04-14 10:47:01, MOVE, v:1, k:eval1@apagando, mode:PICK
2026-04-14 10:47:02, EXEC, v:1, k:eval1@apagando, mode:FULL, size:4, fail:COMP
2026-04-14 10:47:03, MOVE, v:1, k:eval1@apagando, mode:BACK
2026-04-14 10:47:05, MOVE, v:1, k:eval1@apagando, mode:PICK
2026-04-14 10:47:06, MOVE, v:1, k:eval1@apagando, mode:BACK
2026-04-14 10:47:07, MOVE, v:1, k:eval1@apagando, mode:PICK
2026-04-14 10:46:49, MOVE, v:1, k:eval1@apagando, mode:EDIT
2026-04-14 10:46:49, MOVE, v:1, k:eval1@apagando, mode:EDIT
2026-04-14 10:46:49, MOVE, v:1, k:eval1@apagando, mode:EDIT
2026-04-14 10:53:35, EXEC, v:1, k:eval1@apagando, mode:FULL, size:34, fail:COMP
2026-04-14 10:53:48, EXEC, v:1, k:eval1@apagando, mode:FULL, size:34, fail:COMP
2026-04-14 10:53:59, EXEC, v:1, k:eval1@apagando, mode:FULL, rate:100, size:33
2026-04-14 10:53:57, MOVE, v:1, k:eval1@apagando, mode:EDIT
2026-04-14 10:54:08, MOVE, v:1, k:eval1@apagando, mode:BACK
2026-04-14 10:54:14, MOVE, v:1, k:eval1@casais, mode:PICK
2026-04-14 10:54:16, EXEC, v:1, k:eval1@casais, mode:FULL, rate:100
2026-04-14 10:54:16, MOVE, v:1, k:eval1@casais, mode:BACK
2026-04-14 10:54:19, SELF, v:1, k:eval1@casais, self:1, rate:100
2026-04-14 10:54:27, MOVE, v:1, k:eval1@triangulo, mode:DOWN
2026-04-14 10:54:28, MOVE, v:1, k:eval1@triangulo, mode:PICK
2026-04-14 10:56:31, MOVE, v:1, k:eval1@triangulo, mode:BACK
2026-04-14 10:56:41, MOVE, v:1, k:ed@treinando, mode:PICK
2026-04-14 10:54:27, MOVE, v:1, k:eval1@triangulo, mode:EDIT
2026-04-14 10:54:27, MOVE, v:1, k:eval1@triangulo, mode:EDIT
2026-04-14 10:58:41, MOVE, v:1, k:eval1@triangulo, mode:EDIT
2026-04-14 10:59:16, EXEC, v:1, k:ed@treinando, mode:FULL, rate:100
2026-04-14 10:59:29, MOVE, v:1, k:ed@treinando, mode:BACK
2026-04-14 10:59:35, MOVE, v:1, k:eval1@triangulo, mode:PICK
2026-04-14 10:59:36, EXEC, v:1, k:eval1@triangulo, mode:FULL, size:60, fail:COMP
2026-04-14 10:59:43, EXEC, v:1, k:eval1@triangulo, mode:FULL, size:60, fail:COMP
2026-04-14 11:00:14, EXEC, v:1, k:eval1@triangulo, mode:FULL, rate:0, size:60
2026-04-14 11:00:17, MOVE, v:1, k:eval1@triangulo, mode:BACK
2026-04-14 11:00:21, MOVE, v:1, k:ed@triangulo, mode:PICK
2026-04-14 11:01:14, EXEC, v:1, k:ed@triangulo, mode:FULL, rate:100
2026-04-14 11:01:15, MOVE, v:1, k:ed@triangulo, mode:BACK
2026-04-14 11:01:20, MOVE, v:1, k:eval1@triangulo, mode:PICK
2026-04-14 11:01:23, EXEC, v:1, k:eval1@triangulo, mode:FULL, rate:0, size:60
2026-04-14 11:01:57, EXEC, v:1, k:eval1@triangulo, mode:FULL, rate:100, size:60
2026-04-14 11:01:59, MOVE, v:1, k:eval1@triangulo, mode:BACK
2026-04-14 11:02:42, MOVE, v:1, k:ed@resto, mode:PICK
2026-04-14 11:03:11, EXEC, v:1, k:ed@resto, mode:FULL, rate:100
2026-04-14 11:03:37, MOVE, v:1, k:ed@resto, mode:BACK
2026-04-14 11:03:44, MOVE, v:1, k:eval1@baruel, mode:DOWN
2026-04-14 11:03:45, MOVE, v:1, k:eval1@baruel, mode:PICK
2026-04-14 11:01:55, MOVE, v:1, k:eval1@triangulo, mode:EDIT
2026-04-14 11:03:44, MOVE, v:1, k:eval1@baruel, mode:EDIT
2026-04-14 11:03:44, MOVE, v:1, k:eval1@baruel, mode:EDIT
2026-04-14 11:03:44, MOVE, v:1, k:eval1@baruel, mode:EDIT
2026-04-14 11:06:44, EXEC, v:1, k:eval1@baruel, mode:FULL, size:16, fail:COMP
2026-04-14 11:06:50, EXEC, v:1, k:eval1@baruel, mode:FULL, rate:0, size:16
2026-04-14 11:08:47, EXEC, v:1, k:eval1@baruel, mode:FULL, rate:0, size:24
2026-04-14 11:08:44, MOVE, v:1, k:eval1@baruel, mode:EDIT
2026-04-14 11:09:15, EXEC, v:1, k:eval1@baruel, mode:FULL, rate:0, size:24
2026-04-14 11:11:07, MOVE, v:1, k:eval1@baruel, mode:BACK
2026-04-14 11:11:18, MOVE, v:1, k:ed@baruel, mode:PICK
2026-04-14 11:12:22, EXEC, v:1, k:ed@baruel, mode:FULL, rate:100
2026-04-14 11:12:23, MOVE, v:1, k:ed@baruel, mode:BACK
2026-04-14 11:12:28, MOVE, v:1, k:eval1@baruel, mode:PICK
2026-04-14 11:12:38, EXEC, v:1, k:eval1@baruel, mode:FULL, rate:0
2026-04-14 11:12:54, EXEC, v:1, k:eval1@baruel, mode:FULL, size:24, fail:COMP
2026-04-14 11:13:04, EXEC, v:1, k:eval1@baruel, mode:FULL, rate:0, size:24
2026-04-14 11:13:22, EXEC, v:1, k:eval1@baruel, mode:FULL, rate:0, size:24
2026-04-14 11:13:20, MOVE, v:1, k:eval1@baruel, mode:EDIT
2026-04-14 11:12:07, MOVE, v:1, k:eval1@apagando, mode:EDIT
2026-04-14 11:19:00, MOVE, v:1, k:eval1@baruel, mode:EDIT
2026-04-14 11:19:32, EXEC, v:1, k:eval1@baruel, mode:FULL, rate:0, size:35
2026-04-14 11:19:58, EXEC, v:1, k:eval1@baruel, mode:FULL, size:35, fail:COMP
2026-04-14 11:20:09, EXEC, v:1, k:eval1@baruel, mode:FULL, rate:0, size:35
2026-04-14 11:21:45, MOVE, v:1, k:eval1@baruel, mode:BACK
2026-04-14 11:22:02, MOVE, v:1, k:ed@baruel, mode:PICK
2026-04-14 11:20:07, MOVE, v:1, k:eval1@baruel, mode:EDIT
2026-04-14 11:27:53, EXEC, v:1, k:ed@baruel, mode:FULL, rate:100
2026-04-14 11:27:55, MOVE, v:1, k:ed@baruel, mode:BACK
2026-04-14 11:28:05, MOVE, v:1, k:eval1@baruel, mode:PICK
2026-04-14 11:28:11, EXEC, v:1, k:eval1@baruel, mode:FULL, rate:0
2026-04-14 11:28:17, EXEC, v:1, k:eval1@baruel, mode:FULL, rate:0, size:54
2026-04-14 11:28:49, EXEC, v:1, k:eval1@baruel, mode:FULL, rate:0, size:55
2026-04-14 11:28:47, MOVE, v:1, k:eval1@baruel, mode:EDIT
2026-04-14 11:29:50, EXEC, v:1, k:eval1@baruel, mode:FULL, rate:0, size:53
2026-04-14 11:32:41, EXEC, v:1, k:eval1@baruel, mode:FULL, rate:75, size:62
2026-04-14 11:33:42, EXEC, v:1, k:eval1@baruel, mode:FULL, rate:100, size:62
2026-04-14 11:33:49, MOVE, v:1, k:eval1@baruel, mode:BACK
2026-04-14 11:33:52, SELF, v:1, k:eval1@baruel, self:1, rate:100
2026-04-14 11:33:39, MOVE, v:1, k:eval1@baruel, mode:EDIT
2026-04-14 11:34:05, MOVE, v:1, k:eval1@triangulo, mode:PICK
2026-04-14 11:34:06, MOVE, v:1, k:eval1@triangulo, mode:BACK
2026-04-14 11:34:08, SELF, v:1, k:eval1@triangulo, self:1, rate:100
2026-04-14 11:39:52, MOVE, v:1, k:ed@apagando, mode:PICK
2026-04-14 11:40:23, MOVE, v:1, k:eval1@triangulo, mode:PICK
2026-04-14 11:40:23, MOVE, v:1, k:eval1@triangulo, mode:BACK
2026-04-14 11:40:24, MOVE, v:1, k:eval1@triangulo, mode:PICK
2026-04-14 11:40:27, EXEC, v:1, k:eval1@triangulo, mode:FREE
2026-04-14 11:40:34, MOVE, v:1, k:eval1@triangulo, mode:BACK
2026-04-14 11:40:39, MOVE, v:1, k:eval1@casais, mode:PICK
2026-04-14 11:40:40, MOVE, v:1, k:eval1@casais, mode:BACK
2026-04-14 11:43:51, SELF, v:1, k:eval1@triangulo, self:1
2026-04-14 11:44:32, MOVE, v:1, k:ed@baruel, mode:PICK
2026-04-14 11:45:04, EXEC, v:1, k:ed@baruel, mode:FULL, rate:100, size:71
2026-04-14 11:45:05, MOVE, v:1, k:ed@baruel, mode:BACK
2026-04-14 11:46:01, SELF, v:1, k:eval1@triangulo, self:1
2026-04-14 11:46:19, MOVE, v:1, k:eval1@triangulo, mode:DOWN
2026-04-14 11:46:23, MOVE, v:1, k:eval1@triangulo, mode:PICK
2026-04-14 11:45:00, MOVE, v:1, k:ed@baruel, mode:EDIT
2026-04-14 11:46:19, MOVE, v:1, k:eval1@triangulo, mode:EDIT
2026-04-14 11:46:19, MOVE, v:1, k:eval1@triangulo, mode:EDIT
2026-04-14 11:46:19, MOVE, v:1, k:eval1@triangulo, mode:EDIT
2026-04-14 11:52:08, EXEC, v:1, k:eval1@triangulo, mode:FULL, rate:0, size:57
2026-04-14 11:52:13, MOVE, v:1, k:eval1@triangulo, mode:BACK
2026-04-14 11:52:30, MOVE, v:1, k:eval1@triangulo, mode:PICK
2026-04-14 11:52:34, EXEC, v:1, k:eval1@triangulo, mode:FULL, rate:0
2026-04-14 11:52:39, EXEC, v:1, k:eval1@triangulo, mode:FULL, rate:0
2026-04-14 11:54:08, EXEC, v:1, k:eval1@triangulo, mode:FULL, rate:100, size:57
2026-04-14 11:54:28, MOVE, v:1, k:eval1@triangulo, mode:BACK
2026-04-14 11:56:38, MOVE, v:1, k:ed@baruel, mode:PICK
2026-04-14 11:57:11, MOVE, v:1, k:ed@baruel, mode:BACK
2026-04-14 11:57:16, MOVE, v:1, k:eval1@baruel, mode:PICK
2026-04-14 11:57:27, MOVE, v:1, k:eval1@baruel, mode:BACK
2026-04-14 11:57:36, MOVE, v:1, k:ed@baruel, mode:PICK
2026-04-14 12:00:01, MOVE, v:1, k:ed@baruel, mode:BACK
