2026-03-29 16:10:22, MOVE, v:1, k:ed@apagando, mode:PICK
2026-03-29 16:19:52, MOVE, v:1, k:ed@apagando, mode:BACK
2026-03-29 16:20:59, SELF, v:1, k:ed@princesa, self:1, rate:100, study:157, concept:1, debug:1
2026-03-29 16:25:53, SELF, v:1, k:ed@princesa, self:1, rate:100, study:157, concept:1, debug:1, refactor:1
2026-03-29 16:28:15, MOVE, v:1, k:ed@apagando, mode:PICK
2026-03-29 16:32:14, EXEC, v:1, k:ed@apagando, mode:FULL, size:20, fail:COMP
2026-03-29 16:32:23, EXEC, v:1, k:ed@apagando, mode:FULL, rate:0, size:19
2026-03-29 16:35:04, EXEC, v:1, k:ed@apagando, mode:FULL, rate:0, size:19
2026-03-29 16:35:35, EXEC, v:1, k:ed@apagando, mode:FULL, rate:0, size:19
2026-03-29 16:45:39, EXEC, v:1, k:ed@apagando, mode:FULL, rate:0, size:42
2026-03-29 16:49:46, EXEC, v:1, k:ed@apagando, mode:FULL, rate:0, size:42
2026-03-29 16:50:02, EXEC, v:1, k:ed@apagando, mode:FULL, rate:0, size:42
2026-03-29 16:53:43, EXEC, v:1, k:ed@apagando, mode:FULL, rate:0, size:42
2026-03-29 16:53:58, EXEC, v:1, k:ed@apagando, mode:FULL, rate:0, size:42
2026-03-29 16:54:27, EXEC, v:1, k:ed@apagando, mode:FULL, rate:0, size:42
2026-03-29 17:04:38, EXEC, v:1, k:ed@apagando, mode:FULL, rate:0
2026-03-29 17:05:16, EXEC, v:1, k:ed@apagando, mode:FULL, size:41, fail:COMP
2026-03-29 17:05:28, EXEC, v:1, k:ed@apagando, mode:FULL, rate:0, size:41
2026-03-29 17:05:59, EXEC, v:1, k:ed@apagando, mode:FULL, size:41, fail:COMP
2026-03-29 17:06:18, EXEC, v:1, k:ed@apagando, mode:FULL, rate:0, size:41
2026-03-29 17:06:46, EXEC, v:1, k:ed@apagando, mode:FULL, rate:0, size:43
2026-03-29 17:07:12, EXEC, v:1, k:ed@apagando, mode:FULL, rate:0, size:41
2026-03-29 17:08:19, EXEC, v:1, k:ed@apagando, mode:FULL, rate:0, size:42
2026-03-29 17:11:02, EXEC, v:1, k:ed@apagando, mode:FULL, rate:0, size:42
2026-03-29 17:11:40, EXEC, v:1, k:ed@apagando, mode:FULL, rate:0
2026-03-29 17:12:41, EXEC, v:1, k:ed@apagando, mode:FULL, rate:0, size:42
2026-03-29 17:19:42, EXEC, v:1, k:ed@apagando, mode:FULL, size:44, fail:COMP
2026-03-29 17:19:45, EXEC, v:1, k:ed@apagando, mode:FULL, rate:0, size:43
2026-03-29 17:20:30, EXEC, v:1, k:ed@apagando, mode:FULL, rate:0, size:47
2026-03-29 17:26:14, EXEC, v:1, k:ed@apagando, mode:FULL, size:48, fail:COMP
2026-03-29 17:27:54, EXEC, v:1, k:ed@apagando, mode:FULL, size:48, fail:COMP
2026-03-29 17:27:57, EXEC, v:1, k:ed@apagando, mode:FULL, size:50, fail:COMP
2026-03-29 17:28:14, EXEC, v:1, k:ed@apagando, mode:FULL, rate:0, size:50
2026-03-29 17:28:50, EXEC, v:1, k:ed@apagando, mode:FULL, rate:0, size:52
2026-03-29 17:29:30, EXEC, v:1, k:ed@apagando, mode:FULL, rate:0
2026-03-29 17:29:57, EXEC, v:1, k:ed@apagando, mode:FULL, rate:0
2026-03-29 17:30:00, EXEC, v:1, k:ed@apagando, mode:FULL, rate:0, size:52
2026-03-29 17:30:05, EXEC, v:1, k:ed@apagando, mode:FULL, rate:0, size:52
2026-03-29 17:30:22, EXEC, v:1, k:ed@apagando, mode:FULL, rate:0, size:52
2026-03-29 17:30:41, EXEC, v:1, k:ed@apagando, mode:FULL, rate:100, size:54
2026-03-29 17:30:43, MOVE, v:1, k:ed@apagando, mode:BACK
2026-03-29 17:31:37, SELF, v:1, k:ed@apagando, self:1, rate:100, study:73, debug:1, refactor:1
2026-03-29 17:51:01, MOVE, v:1, k:ed@manipulacao, mode:PICK
2026-03-29 17:52:30, MOVE, v:1, k:ed@manipulacao, mode:BACK
2026-03-29 17:52:41, MOVE, v:1, k:ed@alternando, mode:DOWN
2026-03-29 17:52:47, MOVE, v:1, k:ed@alternando, mode:PICK
2026-03-29 17:53:25, MOVE, v:1, k:ed@alternando, mode:BACK
2026-03-29 17:53:31, MOVE, v:1, k:ed@rotacoes, mode:DOWN
2026-03-29 17:53:32, MOVE, v:1, k:ed@rotacoes, mode:PICK
2026-03-29 17:54:12, MOVE, v:1, k:ed@rotacoes, mode:BACK
2026-03-29 17:54:16, MOVE, v:1, k:ed@apagando, mode:PICK
2026-03-29 17:55:50, MOVE, v:1, k:ed@apagando, mode:BACK
2026-03-29 17:57:12, MOVE, v:1, k:ed@princesa, mode:PICK
2026-03-29 17:57:50, MOVE, v:1, k:ed@princesa, mode:BACK
2026-03-29 17:57:56, MOVE, v:1, k:ed@buscas, mode:DOWN
2026-03-29 17:57:58, MOVE, v:1, k:ed@buscas, mode:PICK
2026-03-29 17:58:54, MOVE, v:1, k:ed@buscas, mode:BACK
