2026-04-29 10:10:10, MOVE, v:1, k:ed@setbuild, mode:PICK
2026-04-29 10:10:12, EXEC, v:1, k:ed@setbuild, mode:FULL, rate:33
2026-04-29 10:12:15, EXEC, v:1, k:ed@setbuild, mode:FULL, size:157, fail:COMP
2026-04-29 10:13:02, EXEC, v:1, k:ed@setbuild, mode:FULL, size:161, fail:COMP
2026-04-29 10:14:21, EXEC, v:1, k:ed@setbuild, mode:FULL, size:162, fail:COMP
2026-04-29 10:14:37, EXEC, v:1, k:ed@setbuild, mode:FULL, size:162, fail:COMP
2026-04-29 10:10:27, MOVE, v:1, k:sandbox@user_002, mode:EDIT
2026-04-29 10:14:36, MOVE, v:1, k:ed@setbuild, mode:EDIT
2026-04-29 10:17:16, MOVE, v:1, k:ed@setbuild, mode:EDIT
2026-04-29 10:20:03, EXEC, v:1, k:ed@setbuild, mode:FULL, rate:33, size:164
2026-04-29 10:20:56, EXEC, v:1, k:ed@setbuild, mode:FULL, rate:66, size:164
2026-04-29 10:23:19, MOVE, v:1, k:ed@setbuild, mode:BACK
2026-04-29 10:23:22, MOVE, v:1, k:sandbox@user_002, mode:PICK
2026-04-29 10:23:24, EXEC, v:1, k:sandbox@user_002, mode:FULL, size:60, fail:COMP
2026-04-29 10:23:30, EXEC, v:1, k:sandbox@user_002, mode:FULL, fail:COMP
2026-04-29 10:23:58, EXEC, v:1, k:sandbox@user_002, mode:LOCK, rate:0, size:42
2026-04-29 10:24:01, EXEC, v:1, k:sandbox@user_002, mode:LOCK, rate:0
2026-04-29 10:24:03, EXEC, v:1, k:sandbox@user_002, mode:FREE
2026-04-29 10:20:54, MOVE, v:1, k:ed@setbuild, mode:EDIT
2026-04-29 10:24:50, MOVE, v:1, k:sandbox@user_002, mode:EDIT
2026-04-29 10:26:23, MOVE, v:1, k:sandbox@user_002, mode:BACK
2026-04-29 10:26:28, MOVE, v:1, k:ed@setbuild, mode:PICK
2026-04-29 10:26:29, EXEC, v:1, k:ed@setbuild, mode:FULL, rate:66
2026-04-29 10:31:03, EXEC, v:1, k:ed@setbuild, mode:FULL, size:171, fail:COMP
2026-04-29 10:31:13, EXEC, v:1, k:ed@setbuild, mode:FULL, rate:66, size:171
2026-04-29 10:34:49, EXEC, v:1, k:ed@setbuild, mode:FULL, rate:66
2026-04-29 10:34:45, MOVE, v:1, k:ed@setbuild, mode:EDIT
2026-04-29 10:48:39, MOVE, v:1, k:ed@setbuild, mode:PICK
2026-04-29 10:48:40, EXEC, v:1, k:ed@setbuild, mode:FULL, size:184, fail:COMP
2026-04-29 10:48:54, EXEC, v:1, k:ed@setbuild, mode:FULL, size:186, fail:COMP
2026-04-29 10:49:05, EXEC, v:1, k:ed@setbuild, mode:FULL, rate:66, size:186
2026-04-29 10:50:15, EXEC, v:1, k:ed@setbuild, mode:FULL, size:186, fail:COMP
2026-04-29 10:50:33, EXEC, v:1, k:ed@setbuild, mode:FULL, rate:66, size:187
2026-04-29 10:52:41, EXEC, v:1, k:ed@setbuild, mode:FULL, rate:66, size:188
2026-04-29 10:52:39, MOVE, v:1, k:ed@setbuild, mode:EDIT
2026-04-29 10:54:34, EXEC, v:1, k:ed@setbuild, mode:FULL, rate:66, size:188
2026-04-29 10:55:49, EXEC, v:1, k:ed@setbuild, mode:FULL, rate:66, size:188
2026-04-29 10:57:28, EXEC, v:1, k:ed@setbuild, mode:FULL, rate:66, size:188
2026-04-29 10:57:26, MOVE, v:1, k:ed@setbuild, mode:EDIT
2026-04-29 11:01:14, EXEC, v:1, k:ed@setbuild, mode:FULL, rate:66, size:190
2026-04-29 11:03:02, EXEC, v:1, k:ed@setbuild, mode:FULL, rate:100, size:190
2026-04-29 11:03:21, MOVE, v:1, k:ed@setbuild, mode:BACK
2026-04-29 11:03:23, MOVE, v:1, k:ed@setbuild, mode:PICK
2026-04-29 11:03:24, MOVE, v:1, k:ed@setbuild, mode:BACK
2026-04-29 11:03:34, MOVE, v:1, k:ed@setbuild, mode:PICK
2026-04-29 11:03:35, MOVE, v:1, k:ed@setbuild, mode:BACK
2026-04-29 11:03:01, MOVE, v:1, k:ed@setbuild, mode:EDIT
2026-04-29 11:03:43, SELF, v:1, k:ed@setbuild, self:1, rate:100, study:400
2026-04-29 11:03:44, MOVE, v:1, k:ed@setbuild, mode:PICK
2026-04-29 11:03:45, MOVE, v:1, k:ed@setbuild, mode:BACK
2026-04-29 11:04:01, MOVE, v:1, k:ed@bettersearch, mode:DOWN
2026-04-29 11:04:01, MOVE, v:1, k:ed@bettersearch, mode:PICK
2026-04-29 11:04:01, MOVE, v:1, k:ed@bettersearch, mode:EDIT
2026-04-29 11:04:01, MOVE, v:1, k:ed@bettersearch, mode:EDIT
2026-04-29 11:04:01, MOVE, v:1, k:ed@bettersearch, mode:EDIT
2026-04-29 11:16:45, MOVE, v:1, k:ed@bettersearch, mode:BACK
2026-04-29 11:19:51, SELF, v:1, k:ed@setbuild, self:1, rate:100
2026-04-29 16:04:27, MOVE, v:1, k:ed@bettersearch, mode:PICK
2026-04-29 16:08:01, EXEC, v:1, k:ed@bettersearch, mode:FULL, rate:0, size:33
2026-04-29 16:13:18, MOVE, v:1, k:ed@bettersearch, mode:BACK
2026-04-29 16:13:25, MOVE, v:1, k:ed@iterador, mode:DOWN
2026-04-29 16:13:26, MOVE, v:1, k:ed@iterador, mode:PICK
2026-04-29 16:13:25, MOVE, v:1, k:ed@iterador, mode:EDIT
2026-04-29 16:13:25, MOVE, v:1, k:ed@iterador, mode:EDIT
2026-04-29 16:13:25, MOVE, v:1, k:ed@iterador, mode:EDIT
2026-04-29 16:13:25, MOVE, v:1, k:ed@iterador, mode:EDIT
2026-04-29 16:34:32, EXEC, v:1, k:ed@iterador, mode:FULL, rate:0, size:82
2026-04-29 16:34:46, MOVE, v:1, k:ed@iterador, mode:BACK
2026-04-29 16:34:49, MOVE, v:1, k:ed@bettersearch, mode:PICK
2026-04-29 16:34:49, EXEC, v:1, k:ed@bettersearch, mode:FULL, rate:0, size:49
2026-04-29 16:34:56, MOVE, v:1, k:ed@bettersearch, mode:BACK
2026-04-29 16:35:10, MOVE, v:1, k:ed@bettersearch, mode:PICK
2026-04-29 16:35:11, EXEC, v:1, k:ed@bettersearch, mode:FULL, rate:0, size:49
2026-04-29 16:36:32, EXEC, v:1, k:ed@bettersearch, mode:FULL, rate:0, size:49
2026-04-29 16:36:33, EXEC, v:1, k:ed@bettersearch, mode:FULL, rate:0
2026-04-29 16:37:12, MOVE, v:1, k:ed@bettersearch, mode:BACK
2026-04-29 16:37:59, MOVE, v:1, k:ed@bettersearch, mode:PICK
2026-04-29 16:37:59, EXEC, v:1, k:ed@bettersearch, mode:FULL, rate:0
2026-04-29 16:39:20, MOVE, v:1, k:ed@bettersearch, mode:PICK
2026-04-29 16:39:20, EXEC, v:1, k:ed@bettersearch, mode:FULL, rate:0
2026-04-29 16:39:22, EXEC, v:1, k:ed@bettersearch, mode:FULL, rate:0
2026-04-29 16:36:31, MOVE, v:1, k:ed@bettersearch, mode:EDIT
2026-04-29 16:39:43, MOVE, v:1, k:ed@bettersearch, mode:BACK
2026-04-29 16:40:46, MOVE, v:1, k:ed@bettersearch, mode:PICK
2026-04-29 16:40:46, EXEC, v:1, k:ed@bettersearch, mode:FULL, rate:0
2026-04-29 16:41:32, MOVE, v:1, k:ed@bettersearch, mode:PICK
2026-04-29 16:41:32, EXEC, v:1, k:ed@bettersearch, mode:FULL, rate:0
2026-04-29 16:41:35, EXEC, v:1, k:ed@bettersearch, mode:FREE
2026-04-29 16:41:56, MOVE, v:1, k:ed@bettersearch, mode:BACK
2026-04-29 16:42:05, MOVE, v:1, k:ed@vetbuild, mode:PICK
2026-04-29 16:42:19, MOVE, v:1, k:ed@vetbuild, mode:PICK
2026-04-29 16:42:21, EXEC, v:1, k:ed@vetbuild, mode:FULL, rate:0, size:280
2026-04-29 16:42:25, MOVE, v:1, k:ed@vetbuild, mode:BACK
2026-04-29 16:42:59, SELF, v:1, k:ed@vetbuild, self:1, friend:Jose Mayson
2026-04-29 16:43:13, MOVE, v:1, k:ed@vetbuild, mode:PICK
2026-04-29 16:43:13, EXEC, v:1, k:ed@vetbuild, mode:FULL, rate:0
2026-04-29 16:43:14, MOVE, v:1, k:ed@vetbuild, mode:BACK
2026-04-29 16:43:16, MOVE, v:1, k:ed@setbuild, mode:PICK
2026-04-29 16:43:16, EXEC, v:1, k:ed@setbuild, mode:FULL, rate:0
2026-04-29 16:43:17, MOVE, v:1, k:ed@setbuild, mode:BACK
2026-04-29 16:43:53, MOVE, v:1, k:ed@setbuild, mode:PICK
2026-04-29 16:43:57, EXEC, v:1, k:ed@setbuild, mode:FULL, rate:0
2026-04-29 16:43:58, MOVE, v:1, k:ed@setbuild, mode:BACK
2026-04-29 16:44:00, MOVE, v:1, k:ed@bettersearch, mode:PICK
2026-04-29 16:44:30, MOVE, v:1, k:ed@setbuild, mode:PICK
2026-04-29 16:44:31, EXEC, v:1, k:ed@setbuild, mode:FULL, rate:0
2026-04-29 18:24:52, MOVE, v:1, k:ed@setbuild, mode:BACK
2026-04-29 18:24:53, MOVE, v:1, k:ed@setbuild, mode:PICK
