2026-05-19 00:30:09, EXEC, v:1, k:ed@prin_list1, mode:FULL, size:172, fail:COMP
2026-05-19 00:36:35, MOVE, v:1, k:ed@prin_list1, mode:BACK
2026-05-19 10:09:22, MOVE, v:1, k:ed@lista_d1, mode:PICK
2026-05-19 10:15:43, MOVE, v:1, k:ed@lista_d1, mode:BACK
2026-05-19 10:36:58, MOVE, v:1, k:ed@casais, mode:PICK
2026-05-19 10:55:47, MOVE, v:1, k:ed@casais, mode:BACK
2026-05-19 10:56:08, MOVE, v:1, k:ed@baruel, mode:PICK
2026-05-19 13:56:06, MOVE, v:1, k:ed@lista_d2, mode:PICK
2026-05-19 13:58:20, MOVE, v:1, k:ed@lista_d2, mode:BACK
2026-05-19 13:59:02, MOVE, v:1, k:sandbox@user_004, mode:PICK
2026-05-19 13:59:14, EXEC, v:1, k:sandbox@user_004, mode:FREE, size:69
2026-05-19 14:01:55, MOVE, v:1, k:sandbox@user_004, mode:EDIT
2026-05-19 14:03:45, MOVE, v:1, k:sandbox@user_004, mode:EDIT
2026-05-19 14:45:22, MOVE, v:1, k:sandbox@user_004, mode:EDIT
2026-05-19 15:17:25, MOVE, v:1, k:sandbox@user_004, mode:EDIT
2026-05-19 15:22:46, MOVE, v:1, k:sandbox@user_004, mode:EDIT
2026-05-19 15:24:46, MOVE, v:1, k:sandbox@user_004, mode:BACK
2026-05-19 15:24:59, MOVE, v:1, k:ed@vetbuild, mode:PICK
2026-05-19 15:23:58, MOVE, v:1, k:sandbox@user_004, mode:EDIT
2026-05-19 15:28:14, EXEC, v:1, k:ed@vetbuild, mode:FULL, rate:100, size:282
2026-05-19 15:28:23, EXEC, v:1, k:ed@vetbuild, mode:FULL, rate:100, size:278
2026-05-19 15:30:06, MOVE, v:1, k:ed@vetbuild, mode:BACK
2026-05-19 15:30:21, MOVE, v:1, k:ed@lista_d1, mode:PICK
2026-05-19 15:31:00, EXEC, v:1, k:ed@lista_d1, mode:FULL, rate:100, size:171
2026-05-19 15:31:43, MOVE, v:1, k:ed@lista_d1, mode:BACK
2026-05-19 15:31:55, MOVE, v:1, k:sandbox@user_004, mode:PICK
2026-05-19 15:31:56, EXEC, v:1, k:sandbox@user_004, mode:LOCK, rate:0, size:66
2026-05-19 15:31:58, EXEC, v:1, k:sandbox@user_004, mode:FREE
2026-05-19 15:28:21, MOVE, v:1, k:ed@vetbuild, mode:EDIT
2026-05-19 15:32:39, MOVE, v:1, k:sandbox@user_004, mode:EDIT
2026-05-19 15:36:08, MOVE, v:1, k:sandbox@user_004, mode:EDIT
2026-05-19 15:40:43, MOVE, v:1, k:sandbox@user_004, mode:EDIT
2026-05-19 15:56:03, MOVE, v:1, k:sandbox@user_004, mode:EDIT
2026-05-19 16:01:50, MOVE, v:1, k:sandbox@user_004, mode:EDIT
2026-05-19 16:09:40, MOVE, v:1, k:sandbox@user_004, mode:BACK
2026-05-19 16:09:52, MOVE, v:1, k:ed@lista_d2, mode:PICK
2026-05-19 16:10:25, MOVE, v:1, k:ed@lista_d2, mode:BACK
2026-05-19 16:12:01, MOVE, v:1, k:ed@lista_d2, mode:PICK
2026-05-19 16:12:02, EXEC, v:1, k:ed@lista_d2, mode:FULL, rate:100
2026-05-19 16:14:14, MOVE, v:1, k:ed@lista_d2, mode:BACK
