2026-05-11 16:23:10, EXEC, v:1, k:ed@lista_d1, mode:FULL, rate:14
2026-05-11 16:23:10, MOVE, v:1, k:ed@lista_d1, mode:BACK
2026-05-11 16:23:22, MOVE, v:1, k:ed@lista_d1, mode:PICK
2026-05-11 16:23:23, EXEC, v:1, k:ed@lista_d1, mode:FULL, rate:14
2026-05-11 16:23:43, MOVE, v:1, k:ed@lista_d1, mode:BACK
2026-05-11 16:23:46, MOVE, v:1, k:ed@setbuild, mode:PICK
2026-05-11 16:28:11, EXEC, v:1, k:ed@setbuild, mode:FULL, rate:100
2026-05-11 16:28:12, MOVE, v:1, k:ed@setbuild, mode:BACK
2026-05-11 16:28:16, MOVE, v:1, k:ed@lista_d1, mode:PICK
2026-05-11 16:30:24, EXEC, v:1, k:ed@lista_d1, mode:FULL, rate:14
2026-05-11 16:30:48, EXEC, v:1, k:ed@lista_d1, mode:FULL, size:131, fail:COMP
2026-05-11 16:31:15, EXEC, v:1, k:ed@lista_d1, mode:FULL, rate:14, size:129
2026-05-11 16:31:29, EXEC, v:1, k:ed@lista_d1, mode:FULL, rate:14, size:129
2026-05-11 16:31:48, EXEC, v:1, k:ed@lista_d1, mode:FULL, rate:14, size:129
2026-05-11 16:32:03, EXEC, v:1, k:ed@lista_d1, mode:FULL, rate:0, size:129
2026-05-11 16:32:19, EXEC, v:1, k:ed@lista_d1, mode:FULL, rate:0, size:129
2026-05-11 16:32:16, MOVE, v:1, k:ed@lista_d1, mode:EDIT
2026-05-11 16:32:37, EXEC, v:1, k:ed@lista_d1, mode:FULL, rate:14, size:129
2026-05-11 16:33:02, EXEC, v:1, k:ed@lista_d1, mode:FULL, rate:14, size:129
2026-05-11 16:32:59, MOVE, v:1, k:ed@lista_d1, mode:EDIT
2026-05-11 16:38:54, MOVE, v:1, k:ed@lista_d1, mode:EDIT
2026-05-11 16:43:43, EXEC, v:1, k:ed@lista_d1, mode:FULL, rate:14, size:133
2026-05-11 16:43:56, EXEC, v:1, k:ed@lista_d1, mode:FULL, rate:14, size:133
2026-05-11 16:44:05, EXEC, v:1, k:ed@lista_d1, mode:FULL, rate:14, size:133
2026-05-11 16:44:20, EXEC, v:1, k:ed@lista_d1, mode:FULL, rate:28, size:133
2026-05-11 16:44:18, MOVE, v:1, k:ed@lista_d1, mode:EDIT
2026-05-11 16:51:53, EXEC, v:1, k:ed@lista_d1, mode:FULL, size:142, fail:COMP
2026-05-11 16:52:13, EXEC, v:1, k:ed@lista_d1, mode:FULL, rate:42, size:142
2026-05-11 16:52:11, MOVE, v:1, k:ed@lista_d1, mode:EDIT
2026-05-11 16:57:50, EXEC, v:1, k:ed@lista_d1, mode:FULL, rate:57, size:147
2026-05-11 16:58:38, EXEC, v:1, k:ed@lista_d1, mode:FULL, rate:57, size:147
2026-05-11 16:58:36, MOVE, v:1, k:ed@lista_d1, mode:EDIT
2026-05-11 17:03:16, EXEC, v:1, k:ed@lista_d1, mode:FULL, rate:57
2026-05-11 17:04:22, EXEC, v:1, k:ed@lista_d1, mode:FULL, rate:14, size:147
2026-05-11 17:04:44, EXEC, v:1, k:ed@lista_d1, mode:FULL, rate:14, size:147
2026-05-11 17:05:01, EXEC, v:1, k:ed@lista_d1, mode:FULL, rate:71, size:147
2026-05-11 17:06:38, EXEC, v:1, k:ed@lista_d1, mode:FULL, rate:57, size:147
2026-05-11 17:06:49, EXEC, v:1, k:ed@lista_d1, mode:FULL, size:147, fail:COMP
2026-05-11 17:06:54, EXEC, v:1, k:ed@lista_d1, mode:FULL, rate:71, size:147
2026-05-11 17:06:53, MOVE, v:1, k:ed@lista_d1, mode:EDIT
2026-05-11 17:08:58, MOVE, v:1, k:ed@lista_d1, mode:BACK
2026-05-11 17:09:23, MOVE, v:1, k:sandbox@user_004, mode:PICK
2026-05-11 17:09:25, EXEC, v:1, k:sandbox@user_004, mode:LOCK, rate:0, size:67
2026-05-11 17:09:26, EXEC, v:1, k:sandbox@user_004, mode:FREE
2026-05-11 17:11:48, MOVE, v:1, k:sandbox@user_004, mode:EDIT
2026-05-11 17:14:52, MOVE, v:1, k:sandbox@user_004, mode:BACK
2026-05-11 17:15:01, MOVE, v:1, k:ed@lista_d1, mode:PICK
2026-05-11 17:14:27, MOVE, v:1, k:sandbox@user_004, mode:EDIT
2026-05-11 17:15:06, MOVE, v:1, k:ed@lista_d1, mode:EDIT
2026-05-11 17:24:37, EXEC, v:1, k:ed@lista_d1, mode:FULL, rate:71
2026-05-11 17:35:41, EXEC, v:1, k:ed@lista_d1, mode:FULL, size:163, fail:COMP
2026-05-11 17:36:00, EXEC, v:1, k:ed@lista_d1, mode:FULL, rate:71, size:163
2026-05-11 17:36:35, EXEC, v:1, k:ed@lista_d1, mode:FULL, size:163, fail:COMP
2026-05-11 17:36:51, EXEC, v:1, k:ed@lista_d1, mode:FULL, size:163, fail:COMP
2026-05-11 17:37:01, EXEC, v:1, k:ed@lista_d1, mode:FULL, rate:85, size:163
2026-05-11 17:36:56, MOVE, v:1, k:ed@lista_d1, mode:EDIT
2026-05-11 17:41:57, MOVE, v:1, k:ed@lista_d1, mode:EDIT
2026-05-11 17:45:22, EXEC, v:1, k:ed@lista_d1, mode:FULL, size:174, fail:COMP
2026-05-11 17:45:54, EXEC, v:1, k:ed@lista_d1, mode:FULL, size:174, fail:COMP
2026-05-11 17:46:49, EXEC, v:1, k:ed@lista_d1, mode:FULL, rate:100, size:171
2026-05-11 17:46:47, MOVE, v:1, k:ed@lista_d1, mode:EDIT
2026-05-11 17:47:34, MOVE, v:1, k:ed@lista_d1, mode:BACK
2026-05-11 17:48:11, SELF, v:1, k:ed@lista_d1, self:1, rate:100, study:180
2026-05-11 17:48:14, MOVE, v:1, k:ed@lista_d2, mode:DOWN
2026-05-11 17:48:15, MOVE, v:1, k:ed@lista_d2, mode:PICK
2026-05-11 17:48:55, MOVE, v:1, k:ed@lista_d2, mode:BACK
2026-05-11 17:51:16, MOVE, v:1, k:ed@vetbuild, mode:PICK
2026-05-11 17:52:58, MOVE, v:1, k:ed@vetbuild, mode:BACK
2026-05-11 17:53:03, MOVE, v:1, k:ed@lista_d2, mode:PICK
2026-05-11 17:53:29, MOVE, v:1, k:ed@lista_d2, mode:BACK
2026-05-11 21:14:45, MOVE, v:1, k:ed@lista_d1, mode:PICK
2026-05-11 21:15:35, MOVE, v:1, k:ed@lista_d2, mode:EDIT
2026-05-11 21:15:40, MOVE, v:1, k:ed@lista_d1, mode:EDIT
2026-05-11 21:17:59, MOVE, v:1, k:ed@lista_d1, mode:BACK
2026-05-11 21:18:02, MOVE, v:1, k:ed@lista_d2, mode:PICK
2026-05-11 21:18:57, EXEC, v:1, k:ed@lista_d2, mode:FULL, size:99, fail:COMP
2026-05-11 21:19:00, MOVE, v:1, k:ed@lista_d2, mode:BACK
2026-05-11 21:19:12, MOVE, v:1, k:ed@lista_d2, mode:PICK
2026-05-11 21:19:14, EXEC, v:1, k:ed@lista_d2, mode:FULL, rate:0, size:99
2026-05-11 21:20:03, MOVE, v:1, k:ed@lista_d2, mode:BACK
2026-05-11 21:22:40, MOVE, v:1, k:ed@lista_d1, mode:PICK
2026-05-11 21:26:40, MOVE, v:1, k:ed@lista_d2, mode:EDIT
2026-05-11 21:31:13, MOVE, v:1, k:ed@lista_d2, mode:EDIT
2026-05-11 21:33:03, EXEC, v:1, k:ed@lista_d1, mode:FULL, size:171, fail:COMP
2026-05-11 21:34:43, EXEC, v:1, k:ed@lista_d1, mode:FULL, fail:COMP
2026-05-11 21:34:44, EXEC, v:1, k:ed@lista_d1, mode:FULL, fail:COMP
2026-05-11 21:34:44, EXEC, v:1, k:ed@lista_d1, mode:FULL, fail:COMP
2026-05-11 21:34:45, EXEC, v:1, k:ed@lista_d1, mode:FULL, fail:COMP
2026-05-11 21:34:45, EXEC, v:1, k:ed@lista_d1, mode:FULL, fail:COMP
2026-05-11 21:34:45, EXEC, v:1, k:ed@lista_d1, mode:FULL, fail:COMP
2026-05-11 21:34:45, EXEC, v:1, k:ed@lista_d1, mode:FULL, fail:COMP
2026-05-11 21:35:06, EXEC, v:1, k:ed@lista_d1, mode:FULL, fail:COMP
2026-05-11 21:35:08, EXEC, v:1, k:ed@lista_d1, mode:FULL, fail:COMP
2026-05-11 21:35:08, EXEC, v:1, k:ed@lista_d1, mode:FULL, fail:COMP
2026-05-11 21:35:08, EXEC, v:1, k:ed@lista_d1, mode:FULL, fail:COMP
2026-05-11 21:35:08, EXEC, v:1, k:ed@lista_d1, mode:FULL, fail:COMP
2026-05-11 21:35:08, EXEC, v:1, k:ed@lista_d1, mode:FULL, fail:COMP
2026-05-11 21:35:09, EXEC, v:1, k:ed@lista_d1, mode:FULL, fail:COMP
2026-05-11 21:35:09, MOVE, v:1, k:ed@lista_d1, mode:BACK
2026-05-11 21:35:11, MOVE, v:1, k:ed@lista_d2, mode:PICK
2026-05-11 21:35:12, EXEC, v:1, k:ed@lista_d2, mode:FULL, size:155, fail:COMP
2026-05-11 21:36:06, EXEC, v:1, k:ed@lista_d2, mode:FULL, size:155, fail:COMP
2026-05-11 21:36:41, EXEC, v:1, k:ed@lista_d2, mode:FULL, size:155, fail:COMP
2026-05-11 21:36:57, EXEC, v:1, k:ed@lista_d2, mode:FULL, size:155, fail:COMP
2026-05-11 21:37:12, EXEC, v:1, k:ed@lista_d2, mode:FULL, rate:0, size:156
2026-05-11 21:37:10, MOVE, v:1, k:ed@lista_d2, mode:EDIT
2026-05-11 21:38:06, EXEC, v:1, k:ed@lista_d2, mode:FULL, rate:0, size:160
2026-05-11 21:38:34, EXEC, v:1, k:ed@lista_d2, mode:FULL, rate:0, size:160
2026-05-11 21:40:16, EXEC, v:1, k:ed@lista_d2, mode:FULL, rate:20, size:160
2026-05-11 21:40:12, MOVE, v:1, k:ed@lista_d2, mode:EDIT
2026-05-11 21:42:49, EXEC, v:1, k:ed@lista_d2, mode:FULL, rate:20, size:164
2026-05-11 21:43:10, EXEC, v:1, k:ed@lista_d2, mode:FULL, rate:20
2026-05-11 21:45:29, EXEC, v:1, k:ed@lista_d2, mode:FULL, size:164, fail:COMP
2026-05-11 21:45:55, MOVE, v:1, k:ed@lista_d2, mode:EDIT
2026-05-11 22:01:55, EXEC, v:1, k:ed@lista_d2, mode:FULL, fail:COMP
2026-05-11 22:01:56, EXEC, v:1, k:ed@lista_d2, mode:FULL, fail:COMP
2026-05-11 22:01:57, EXEC, v:1, k:ed@lista_d2, mode:FULL, fail:COMP
2026-05-11 22:02:02, EXEC, v:1, k:ed@lista_d2, mode:FULL, size:183, fail:COMP
2026-05-11 22:02:12, EXEC, v:1, k:ed@lista_d2, mode:FULL, size:183, fail:COMP
2026-05-11 22:02:13, EXEC, v:1, k:ed@lista_d2, mode:FULL, fail:COMP
2026-05-11 22:02:14, EXEC, v:1, k:ed@lista_d2, mode:FULL, fail:COMP
2026-05-11 22:02:15, EXEC, v:1, k:ed@lista_d2, mode:FULL, fail:COMP
2026-05-11 22:02:15, EXEC, v:1, k:ed@lista_d2, mode:FULL, fail:COMP
2026-05-11 22:02:27, MOVE, v:1, k:ed@lista_d2, mode:EDIT
2026-05-11 22:03:28, EXEC, v:1, k:ed@lista_d2, mode:FULL, size:183, fail:COMP
2026-05-11 22:04:34, EXEC, v:1, k:ed@lista_d2, mode:FULL, size:183, fail:COMP
2026-05-11 22:05:32, EXEC, v:1, k:ed@lista_d2, mode:FULL, size:183, fail:COMP
2026-05-11 22:05:45, EXEC, v:1, k:ed@lista_d2, mode:FULL, size:183, fail:COMP
2026-05-11 22:06:52, EXEC, v:1, k:ed@lista_d2, mode:FULL, rate:20, size:183
2026-05-11 22:06:47, MOVE, v:1, k:ed@lista_d2, mode:EDIT
2026-05-11 22:14:02, EXEC, v:1, k:ed@lista_d2, mode:FULL, size:183, fail:COMP
2026-05-11 22:14:39, EXEC, v:1, k:ed@lista_d2, mode:FULL, size:183, fail:COMP
2026-05-11 22:15:34, EXEC, v:1, k:ed@lista_d2, mode:FULL, size:183, fail:COMP
2026-05-11 22:15:33, MOVE, v:1, k:ed@lista_d2, mode:EDIT
2026-05-11 22:20:20, EXEC, v:1, k:ed@lista_d2, mode:FULL, rate:20, size:183
2026-05-11 22:21:08, EXEC, v:1, k:ed@lista_d2, mode:FULL, rate:20, size:183
2026-05-11 22:21:04, MOVE, v:1, k:ed@lista_d2, mode:EDIT
2026-05-11 22:23:47, EXEC, v:1, k:ed@lista_d2, mode:FULL, rate:40, size:191
2026-05-11 22:24:38, EXEC, v:1, k:ed@lista_d2, mode:FULL, size:191, fail:COMP
2026-05-11 22:24:36, MOVE, v:1, k:ed@lista_d2, mode:EDIT
2026-05-11 22:35:15, EXEC, v:1, k:ed@lista_d2, mode:FULL, rate:60, size:200
2026-05-11 22:35:13, MOVE, v:1, k:ed@lista_d2, mode:EDIT
2026-05-11 22:46:44, EXEC, v:1, k:ed@lista_d2, mode:FULL, size:208, fail:COMP
2026-05-11 22:47:01, EXEC, v:1, k:ed@lista_d2, mode:FULL, rate:60, size:208
2026-05-11 22:46:58, MOVE, v:1, k:ed@lista_d2, mode:EDIT
2026-05-11 22:48:36, EXEC, v:1, k:ed@lista_d2, mode:FULL, rate:80, size:208
2026-05-11 22:48:34, MOVE, v:1, k:ed@lista_d2, mode:EDIT
2026-05-11 22:53:27, EXEC, v:1, k:ed@lista_d2, mode:FULL, rate:80, size:216
2026-05-11 22:54:19, EXEC, v:1, k:ed@lista_d2, mode:FULL, rate:100, size:216
2026-05-11 22:54:43, MOVE, v:1, k:ed@lista_d2, mode:BACK
2026-05-11 22:54:44, MOVE, v:1, k:ed@lista_d2, mode:PICK
2026-05-11 22:55:54, MOVE, v:1, k:ed@lista_d2, mode:BACK
2026-05-11 22:55:56, MOVE, v:1, k:ed@lista_d2, mode:PICK
2026-05-11 22:55:57, MOVE, v:1, k:ed@lista_d2, mode:BACK
2026-05-11 22:56:01, MOVE, v:1, k:ed@lista_d2, mode:PICK
2026-05-11 22:56:01, MOVE, v:1, k:ed@lista_d2, mode:BACK
2026-05-11 22:56:14, SELF, v:1, k:ed@lista_d2, self:1, rate:100, study:180
2026-05-11 22:56:14, MOVE, v:1, k:ed@lista_d2, mode:PICK
2026-05-11 22:56:15, EXEC, v:1, k:ed@lista_d2, mode:FULL, rate:100
2026-05-11 22:56:15, EXEC, v:1, k:ed@lista_d2, mode:FULL, rate:100
2026-05-11 22:56:16, EXEC, v:1, k:ed@lista_d2, mode:FULL, rate:100
2026-05-11 22:56:16, MOVE, v:1, k:ed@lista_d2, mode:BACK
2026-05-11 22:57:07, MOVE, v:1, k:ed@multiset, mode:PICK
2026-05-11 22:54:18, MOVE, v:1, k:ed@lista_d2, mode:EDIT
2026-05-11 22:58:48, MOVE, v:1, k:ed@setbuild, mode:PICK
2026-05-11 23:00:42, MOVE, v:1, k:ed@setbuild, mode:BACK
2026-05-11 23:00:51, MOVE, v:1, k:ed@multiset, mode:PICK
