2026-04-13 08:07:54, MOVE, v:1, k:ed@buscas, mode:PICK
2026-04-13 08:08:54, MOVE, v:1, k:ed@buscas, mode:BACK
2026-04-13 08:09:18, MOVE, v:1, k:ed@especiais, mode:PICK
2026-04-13 08:10:59, MOVE, v:1, k:ed@especiais, mode:BACK
2026-04-13 08:14:19, MOVE, v:1, k:ed@fuga, mode:PICK
2026-04-13 08:14:57, MOVE, v:1, k:ed@fuga, mode:BACK
2026-04-13 08:15:27, MOVE, v:1, k:ed@baruel, mode:PICK
2026-04-13 08:17:52, MOVE, v:1, k:ed@baruel, mode:BACK
2026-04-13 17:30:05, MOVE, v:1, k:ed@princesa, mode:PICK
2026-04-13 17:30:07, MOVE, v:1, k:ed@princesa, mode:BACK
2026-04-13 17:30:39, MOVE, v:1, k:ed@princesa, mode:PICK
2026-04-13 17:30:52, MOVE, v:1, k:ed@princesa, mode:BACK
2026-04-13 17:31:03, MOVE, v:1, k:ed@princesa, mode:DOWN
2026-04-13 17:31:25, MOVE, v:1, k:ed@princesa, mode:PICK
2026-04-13 17:34:20, EXEC, v:1, k:ed@princesa, mode:FULL, rate:0, size:9
2026-04-13 17:31:03, MOVE, v:1, k:ed@princesa, mode:EDIT
2026-04-13 17:31:03, MOVE, v:1, k:ed@princesa, mode:EDIT
2026-04-13 17:34:16, MOVE, v:1, k:ed@princesa, mode:EDIT
2026-04-13 17:38:36, EXEC, v:1, k:ed@princesa, mode:FULL, rate:0, size:19
2026-04-13 17:38:49, EXEC, v:1, k:ed@princesa, mode:FULL, rate:0
2026-04-13 17:38:53, EXEC, v:1, k:ed@princesa, mode:FULL, rate:0, size:19
2026-04-13 17:39:31, EXEC, v:1, k:ed@princesa, mode:FULL, rate:0, size:23
2026-04-13 17:39:23, MOVE, v:1, k:ed@princesa, mode:EDIT
2026-04-13 17:40:18, EXEC, v:1, k:ed@princesa, mode:FULL, rate:0
2026-04-13 17:44:29, MOVE, v:1, k:ed@princesa, mode:EDIT
2026-04-13 17:46:29, EXEC, v:1, k:ed@princesa, mode:FULL, rate:0, size:23
2026-04-13 17:46:38, EXEC, v:1, k:ed@princesa, mode:FULL, rate:0, size:23
2026-04-13 17:46:39, EXEC, v:1, k:ed@princesa, mode:FULL, rate:0
2026-04-13 17:48:38, EXEC, v:1, k:ed@princesa, mode:FULL, size:28, fail:COMP
2026-04-13 17:48:41, MOVE, v:1, k:ed@princesa, mode:BACK
2026-04-13 17:48:50, MOVE, v:1, k:ed@princesa, mode:PICK
2026-04-13 17:49:17, EXEC, v:1, k:ed@princesa, mode:FULL, size:28, fail:COMP
2026-04-13 17:49:38, EXEC, v:1, k:ed@princesa, mode:FULL, rate:0, size:28
2026-04-13 17:49:36, MOVE, v:1, k:ed@princesa, mode:EDIT
2026-04-13 17:53:40, MOVE, v:1, k:ed@princesa, mode:EDIT
2026-04-13 18:14:48, EXEC, v:1, k:ed@princesa, mode:FULL, size:43, fail:COMP
2026-04-13 18:14:52, MOVE, v:1, k:ed@princesa, mode:BACK
2026-04-13 18:14:45, MOVE, v:1, k:ed@princesa, mode:EDIT
2026-04-13 18:15:05, MOVE, v:1, k:ed@princesa, mode:PICK
2026-04-13 18:15:08, EXEC, v:1, k:ed@princesa, mode:FULL, fail:COMP
2026-04-13 18:21:53, EXEC, v:1, k:ed@princesa, mode:FULL, fail:COMP
2026-04-13 18:28:53, EXEC, v:1, k:ed@princesa, mode:FULL, size:43, fail:COMP
2026-04-13 18:28:49, MOVE, v:1, k:ed@princesa, mode:EDIT
2026-04-13 18:30:15, MOVE, v:1, k:ed@princesa, mode:EDIT
2026-04-13 18:54:26, EXEC, v:1, k:ed@princesa, mode:FULL, size:41, fail:COMP
2026-04-13 18:53:20, MOVE, v:1, k:ed@princesa, mode:EDIT
2026-04-13 18:57:42, EXEC, v:1, k:ed@princesa, mode:FULL, size:41, fail:COMP
2026-04-13 18:58:14, EXEC, v:1, k:ed@princesa, mode:FULL, size:39, fail:COMP
2026-04-13 18:58:29, EXEC, v:1, k:ed@princesa, mode:FULL, size:39, fail:COMP
2026-04-13 18:58:53, EXEC, v:1, k:ed@princesa, mode:FULL, rate:0, size:39
2026-04-13 18:58:51, MOVE, v:1, k:ed@princesa, mode:EDIT
2026-04-13 19:01:19, EXEC, v:1, k:ed@princesa, mode:FULL, rate:0, size:43
2026-04-13 19:03:47, MOVE, v:1, k:ed@princesa, mode:EDIT
2026-04-13 19:06:39, EXEC, v:1, k:ed@princesa, mode:FULL, size:25, fail:COMP
2026-04-13 19:06:51, EXEC, v:1, k:ed@princesa, mode:FULL, size:25, fail:COMP
2026-04-13 19:08:06, EXEC, v:1, k:ed@princesa, mode:FULL, size:27, fail:COMP
2026-04-13 19:09:27, EXEC, v:1, k:ed@princesa, mode:FULL, rate:0, size:27
2026-04-13 19:09:46, EXEC, v:1, k:ed@princesa, mode:FULL, rate:0, size:27
2026-04-13 19:09:44, MOVE, v:1, k:ed@princesa, mode:EDIT
2026-04-13 19:10:04, EXEC, v:1, k:ed@princesa, mode:FULL, size:27, fail:COMP
2026-04-13 19:10:10, EXEC, v:1, k:ed@princesa, mode:FULL, rate:0, size:27
2026-04-13 19:10:54, EXEC, v:1, k:ed@princesa, mode:FULL, size:29, fail:COMP
2026-04-13 19:11:16, EXEC, v:1, k:ed@princesa, mode:FULL, rate:0, size:29
2026-04-13 19:11:15, MOVE, v:1, k:ed@princesa, mode:EDIT
2026-04-13 19:33:15, EXEC, v:1, k:ed@princesa, mode:FULL, size:43, fail:COMP
2026-04-13 19:33:33, MOVE, v:1, k:ed@princesa, mode:BACK
2026-04-13 19:33:37, MOVE, v:1, k:ed@princesa, mode:PICK
2026-04-13 19:33:14, MOVE, v:1, k:ed@princesa, mode:EDIT
2026-04-13 19:37:50, EXEC, v:1, k:ed@princesa, mode:FULL, size:39, fail:COMP
2026-04-13 19:37:52, MOVE, v:1, k:ed@princesa, mode:BACK
2026-04-13 19:38:01, MOVE, v:1, k:ed@princesa, mode:PICK
2026-04-13 19:38:02, EXEC, v:1, k:ed@princesa, mode:FULL, fail:COMP
2026-04-13 19:38:04, MOVE, v:1, k:ed@princesa, mode:BACK
2026-04-13 19:38:05, MOVE, v:1, k:ed@princesa, mode:PICK
2026-04-13 19:38:08, EXEC, v:1, k:ed@princesa, mode:FULL, size:39, fail:COMP
2026-04-13 19:38:25, EXEC, v:1, k:ed@princesa, mode:FULL, rate:0, size:39
2026-04-13 19:38:40, EXEC, v:1, k:ed@princesa, mode:FULL, rate:0, size:39
2026-04-13 19:38:46, EXEC, v:1, k:ed@princesa, mode:FULL, rate:0, size:39
2026-04-13 19:39:51, EXEC, v:1, k:ed@princesa, mode:FULL, size:29, fail:COMP
2026-04-13 19:39:35, MOVE, v:1, k:ed@princesa, mode:EDIT
2026-04-13 19:41:46, EXEC, v:1, k:ed@princesa, mode:FULL, rate:100, size:45
2026-04-13 19:41:47, MOVE, v:1, k:ed@princesa, mode:BACK
2026-04-13 19:41:50, MOVE, v:1, k:ed@princesa, mode:PICK
2026-04-13 19:43:42, MOVE, v:1, k:ed@princesa, mode:BACK
2026-04-13 19:43:56, MOVE, v:1, k:ed@princesa, mode:DOWN
2026-04-13 19:43:56, MOVE, v:1, k:ed@princesa, mode:EDIT
2026-04-13 19:43:55, MOVE, v:1, k:ed@princesa, mode:EDIT
2026-04-13 19:43:55, MOVE, v:1, k:ed@princesa, mode:EDIT
2026-04-13 19:45:52, MOVE, v:1, k:ed@princesa, mode:DOWN
2026-04-13 19:45:53, MOVE, v:1, k:ed@princesa, mode:PICK
2026-04-13 19:46:05, MOVE, v:1, k:ed@princesa, mode:BACK
2026-04-13 19:46:10, MOVE, v:1, k:ed@princesa, mode:DOWN
2026-04-13 19:46:11, MOVE, v:1, k:ed@princesa, mode:PICK
2026-04-13 19:46:10, MOVE, v:1, k:ed@princesa, mode:EDIT
2026-04-13 19:46:10, MOVE, v:1, k:ed@princesa, mode:EDIT
2026-04-13 19:49:58, MOVE, v:1, k:ed@princesa, mode:EDIT
2026-04-13 19:50:12, EXEC, v:1, k:ed@princesa, mode:FULL, size:27, fail:COMP
2026-04-13 19:50:21, EXEC, v:1, k:ed@princesa, mode:FULL, rate:0, size:27
2026-04-13 19:50:38, EXEC, v:1, k:ed@princesa, mode:FULL, rate:0, size:28
2026-04-13 19:50:48, EXEC, v:1, k:ed@princesa, mode:FULL, rate:0
2026-04-13 19:50:56, EXEC, v:1, k:ed@princesa, mode:FULL, rate:0, size:29
2026-04-13 19:51:39, EXEC, v:1, k:ed@princesa, mode:FULL, rate:0, size:29
2026-04-13 19:52:06, EXEC, v:1, k:ed@princesa, mode:FULL, rate:0, size:29
2026-04-13 19:52:16, EXEC, v:1, k:ed@princesa, mode:FULL, rate:0, size:29
2026-04-13 19:54:35, MOVE, v:1, k:ed@princesa, mode:EDIT
2026-04-13 19:59:52, EXEC, v:1, k:ed@princesa, mode:FULL, size:36, fail:COMP
2026-04-13 19:59:58, MOVE, v:1, k:ed@princesa, mode:EDIT
2026-04-13 20:00:00, EXEC, v:1, k:ed@princesa, mode:FULL, rate:0, size:36
2026-04-13 20:00:14, EXEC, v:1, k:ed@princesa, mode:FULL, rate:100, size:36
2026-04-13 20:00:36, MOVE, v:1, k:ed@princesa, mode:BACK
2026-04-13 20:00:50, SELF, v:1, k:ed@princesa, self:1, rate:100, debug:1, refactor:1
2026-04-13 20:00:51, MOVE, v:1, k:ed@princesa, mode:PICK
2026-04-13 20:00:52, MOVE, v:1, k:ed@princesa, mode:BACK
2026-04-13 20:01:04, SELF, v:1, k:ed@princesa, self:1, rate:100, study:35, refactor:1
2026-04-13 20:01:10, MOVE, v:1, k:ed@apagando, mode:PICK
2026-04-13 20:00:12, MOVE, v:1, k:ed@princesa, mode:EDIT
2026-04-13 20:08:03, EXEC, v:1, k:ed@apagando, mode:FULL, size:59, fail:COMP
2026-04-13 20:08:04, EXEC, v:1, k:ed@apagando, mode:FULL, size:59, fail:COMP
2026-04-13 20:08:05, EXEC, v:1, k:ed@apagando, mode:FULL, size:59, fail:COMP
2026-04-13 20:08:06, EXEC, v:1, k:ed@apagando, mode:FULL, size:59, fail:COMP
2026-04-13 20:15:23, EXEC, v:1, k:ed@apagando, mode:FULL, size:76, fail:COMP
2026-04-13 20:15:31, MOVE, v:1, k:ed@apagando, mode:BACK
2026-04-13 20:15:32, MOVE, v:1, k:ed@apagando, mode:PICK
2026-04-13 20:15:34, MOVE, v:1, k:ed@apagando, mode:BACK
2026-04-13 20:15:44, MOVE, v:1, k:ed@apagando, mode:DOWN
2026-04-13 20:15:52, MOVE, v:1, k:ed@apagando, mode:PICK
2026-04-13 20:15:52, MOVE, v:1, k:ed@apagando, mode:BACK
2026-04-13 20:16:08, MOVE, v:1, k:ed@apagando, mode:DOWN
2026-04-13 20:16:09, MOVE, v:1, k:ed@apagando, mode:PICK
2026-04-13 20:16:11, MOVE, v:1, k:ed@apagando, mode:BACK
2026-04-13 20:16:12, MOVE, v:1, k:ed@apagando, mode:PICK
2026-04-13 20:16:19, EXEC, v:1, k:ed@apagando, mode:FULL, size:21, fail:COMP
2026-04-13 20:16:37, EXEC, v:1, k:ed@apagando, mode:FULL, rate:0, size:21
2026-04-13 20:16:36, MOVE, v:1, k:ed@apagando, mode:EDIT
2026-04-13 20:16:08, MOVE, v:1, k:ed@apagando, mode:EDIT
2026-04-13 20:16:08, MOVE, v:1, k:ed@apagando, mode:EDIT
2026-04-13 20:25:40, EXEC, v:1, k:ed@apagando, mode:FULL, rate:0, size:29
2026-04-13 20:25:48, EXEC, v:1, k:ed@apagando, mode:FULL, rate:0, size:29
2026-04-13 20:26:17, EXEC, v:1, k:ed@apagando, mode:FULL, rate:100, size:30
2026-04-13 20:26:15, MOVE, v:1, k:ed@apagando, mode:EDIT
2026-04-13 20:34:23, MOVE, v:1, k:ed@apagando, mode:BACK
2026-04-13 20:34:45, SELF, v:1, k:ed@apagando, self:1, rate:100, study:25
2026-04-13 20:34:53, MOVE, v:1, k:ed@especiais, mode:PICK
