2026-04-26 09:27:56, MOVE, v:1, k:ed@vetbuild, mode:PICK
2026-04-26 09:28:13, EXEC, v:1, k:ed@vetbuild, mode:FULL, rate:18
2026-04-26 09:42:27, MOVE, v:1, k:ed@vetbuild, mode:EDIT
2026-04-26 09:45:44, EXEC, v:1, k:ed@vetbuild, mode:FULL, size:157, fail:COMP
2026-04-26 09:45:40, MOVE, v:1, k:ed@vetbuild, mode:EDIT
2026-04-26 09:48:58, EXEC, v:1, k:ed@vetbuild, mode:FULL, size:157, fail:COMP
2026-04-26 09:49:21, EXEC, v:1, k:ed@vetbuild, mode:FULL, fail:COMP
2026-04-26 09:49:20, MOVE, v:1, k:ed@vetbuild, mode:EDIT
2026-04-26 10:12:24, EXEC, v:1, k:ed@vetbuild, mode:FULL, size:165, fail:COMP
2026-04-26 10:12:38, EXEC, v:1, k:ed@vetbuild, mode:FULL, size:165, fail:COMP
2026-04-26 10:13:11, EXEC, v:1, k:ed@vetbuild, mode:FULL, size:166, fail:COMP
2026-04-26 10:13:07, MOVE, v:1, k:ed@vetbuild, mode:EDIT
2026-04-26 10:13:30, EXEC, v:1, k:ed@vetbuild, mode:FULL, size:166, fail:COMP
2026-04-26 10:13:52, EXEC, v:1, k:ed@vetbuild, mode:FULL, rate:9, size:166
2026-04-26 10:16:25, EXEC, v:1, k:ed@vetbuild, mode:FULL, rate:18, size:166
2026-04-26 10:16:23, MOVE, v:1, k:ed@vetbuild, mode:EDIT
2026-04-26 10:36:18, MOVE, v:1, k:ed@vetbuild, mode:EDIT
2026-04-26 11:22:42, MOVE, v:1, k:ed@vetbuild, mode:EDIT
2026-04-26 11:23:37, EXEC, v:1, k:ed@vetbuild, mode:FULL, rate:27, size:180
2026-04-26 11:46:18, EXEC, v:1, k:ed@vetbuild, mode:FULL, rate:27, size:190
2026-04-26 11:47:03, EXEC, v:1, k:ed@vetbuild, mode:FULL, rate:36, size:190
2026-04-26 11:47:00, MOVE, v:1, k:ed@vetbuild, mode:EDIT
2026-04-26 12:10:29, EXEC, v:1, k:ed@vetbuild, mode:FULL, size:195, fail:COMP
2026-04-26 12:10:32, EXEC, v:1, k:ed@vetbuild, mode:FULL, fail:COMP
2026-04-26 12:11:09, EXEC, v:1, k:ed@vetbuild, mode:FULL, rate:36, size:195
2026-04-26 12:12:03, EXEC, v:1, k:ed@vetbuild, mode:FULL, size:195, fail:COMP
2026-04-26 12:12:11, EXEC, v:1, k:ed@vetbuild, mode:FULL, rate:36, size:195
2026-04-26 12:12:34, EXEC, v:1, k:ed@vetbuild, mode:FULL, rate:45, size:194
2026-04-26 12:12:32, MOVE, v:1, k:ed@vetbuild, mode:EDIT
2026-04-26 12:12:51, MOVE, v:1, k:ed@vetbuild, mode:BACK
2026-04-26 15:05:28, MOVE, v:1, k:ed@vetbuild, mode:PICK
2026-04-26 15:05:34, EXEC, v:1, k:ed@vetbuild, mode:FULL, rate:45
2026-04-26 15:09:34, EXEC, v:1, k:ed@vetbuild, mode:FULL, size:203, fail:COMP
2026-04-26 15:09:28, MOVE, v:1, k:ed@vetbuild, mode:EDIT
2026-04-26 15:10:07, EXEC, v:1, k:ed@vetbuild, mode:FULL, size:203, fail:COMP
2026-04-26 15:10:30, EXEC, v:1, k:ed@vetbuild, mode:FULL, size:203, fail:COMP
2026-04-26 15:10:53, EXEC, v:1, k:ed@vetbuild, mode:FULL, size:203, fail:COMP
2026-04-26 15:11:03, EXEC, v:1, k:ed@vetbuild, mode:FULL, size:203, fail:COMP
2026-04-26 15:11:10, EXEC, v:1, k:ed@vetbuild, mode:FULL, size:203, fail:COMP
2026-04-26 15:11:46, EXEC, v:1, k:ed@vetbuild, mode:FULL, rate:45, size:203
2026-04-26 15:13:07, EXEC, v:1, k:ed@vetbuild, mode:FULL, rate:45, size:203
2026-04-26 15:13:38, EXEC, v:1, k:ed@vetbuild, mode:FULL, rate:54, size:203
2026-04-26 15:13:36, MOVE, v:1, k:ed@vetbuild, mode:EDIT
2026-04-26 15:24:37, EXEC, v:1, k:ed@vetbuild, mode:FULL, rate:54, size:212
2026-04-26 15:24:34, MOVE, v:1, k:ed@vetbuild, mode:EDIT
2026-04-26 15:25:06, EXEC, v:1, k:ed@vetbuild, mode:FULL, size:212, fail:COMP
2026-04-26 15:28:34, EXEC, v:1, k:ed@vetbuild, mode:FULL, rate:54, size:212
2026-04-26 15:29:06, MOVE, v:1, k:ed@vetbuild, mode:PICK
2026-04-26 15:29:08, EXEC, v:1, k:ed@vetbuild, mode:FULL, rate:54
2026-04-26 15:29:43, EXEC, v:1, k:ed@vetbuild, mode:FULL, size:213, fail:COMP
2026-04-26 15:29:58, EXEC, v:1, k:ed@vetbuild, mode:FULL, rate:54, size:213
2026-04-26 15:29:56, MOVE, v:1, k:ed@vetbuild, mode:EDIT
2026-04-26 15:35:23, EXEC, v:1, k:ed@vetbuild, mode:FULL, rate:54, size:219
2026-04-26 15:35:20, MOVE, v:1, k:ed@vetbuild, mode:EDIT
2026-04-26 15:40:45, EXEC, v:1, k:ed@vetbuild, mode:FULL, rate:54
2026-04-26 15:44:42, EXEC, v:1, k:ed@vetbuild, mode:FULL, rate:54
2026-04-26 15:46:44, EXEC, v:1, k:ed@vetbuild, mode:FULL, size:222, fail:COMP
2026-04-26 15:47:08, EXEC, v:1, k:ed@vetbuild, mode:FULL, rate:54, size:222
2026-04-26 15:47:06, MOVE, v:1, k:ed@vetbuild, mode:EDIT
2026-04-26 15:56:05, EXEC, v:1, k:ed@vetbuild, mode:FULL, rate:9, size:223
2026-04-26 15:56:25, EXEC, v:1, k:ed@vetbuild, mode:FULL, rate:9
2026-04-26 15:56:30, EXEC, v:1, k:ed@vetbuild, mode:FULL, rate:54, size:222
2026-04-26 15:56:29, MOVE, v:1, k:ed@vetbuild, mode:EDIT
2026-04-26 15:59:26, EXEC, v:1, k:ed@vetbuild, mode:FULL, rate:72, size:229
2026-04-26 16:00:47, EXEC, v:1, k:ed@vetbuild, mode:FULL, rate:72, size:226
2026-04-26 16:00:43, MOVE, v:1, k:ed@vetbuild, mode:EDIT
2026-04-26 16:05:50, EXEC, v:1, k:ed@vetbuild, mode:FULL, size:241, fail:COMP
2026-04-26 16:06:07, EXEC, v:1, k:ed@vetbuild, mode:FULL, rate:72, size:241
2026-04-26 16:08:43, EXEC, v:1, k:ed@vetbuild, mode:FULL, size:241, fail:COMP
2026-04-26 16:08:49, EXEC, v:1, k:ed@vetbuild, mode:FULL, rate:72, size:241
2026-04-26 16:08:48, MOVE, v:1, k:ed@vetbuild, mode:EDIT
2026-04-26 16:09:21, EXEC, v:1, k:ed@vetbuild, mode:FULL, rate:72, size:239
2026-04-26 16:11:17, EXEC, v:1, k:ed@vetbuild, mode:FULL, rate:72, size:239
2026-04-26 16:10:46, MOVE, v:1, k:ed@vetbuild, mode:EDIT
2026-04-26 16:17:51, EXEC, v:1, k:ed@vetbuild, mode:FULL, rate:81, size:239
2026-04-26 16:17:49, MOVE, v:1, k:ed@vetbuild, mode:EDIT
2026-04-26 16:21:37, EXEC, v:1, k:ed@vetbuild, mode:FULL, size:247, fail:COMP
2026-04-26 16:21:53, EXEC, v:1, k:ed@vetbuild, mode:FULL, size:247, fail:COMP
2026-04-26 16:22:18, EXEC, v:1, k:ed@vetbuild, mode:FULL, size:247, fail:COMP
2026-04-26 16:22:42, EXEC, v:1, k:ed@vetbuild, mode:FULL, size:249, fail:COMP
2026-04-26 16:23:46, EXEC, v:1, k:ed@vetbuild, mode:FULL, size:249, fail:COMP
2026-04-26 16:23:44, MOVE, v:1, k:ed@vetbuild, mode:EDIT
2026-04-26 16:24:10, EXEC, v:1, k:ed@vetbuild, mode:FULL, size:249, fail:COMP
2026-04-26 16:24:25, EXEC, v:1, k:ed@vetbuild, mode:FULL, fail:COMP
2026-04-26 16:25:05, EXEC, v:1, k:ed@vetbuild, mode:FULL, rate:81, size:249
2026-04-26 16:26:23, EXEC, v:1, k:ed@vetbuild, mode:FULL, rate:81, size:259
2026-04-26 16:26:55, EXEC, v:1, k:ed@vetbuild, mode:FULL, rate:81, size:259
2026-04-26 16:27:40, EXEC, v:1, k:ed@vetbuild, mode:FULL, rate:90, size:259
2026-04-26 16:27:38, MOVE, v:1, k:ed@vetbuild, mode:EDIT
2026-04-26 16:47:24, EXEC, v:1, k:ed@vetbuild, mode:FULL, size:273, fail:COMP
2026-04-26 16:47:35, EXEC, v:1, k:ed@vetbuild, mode:FULL, size:273, fail:COMP
2026-04-26 16:47:48, EXEC, v:1, k:ed@vetbuild, mode:FULL, size:273, fail:COMP
2026-04-26 16:48:47, EXEC, v:1, k:ed@vetbuild, mode:FULL, size:273, fail:COMP
2026-04-26 16:47:52, MOVE, v:1, k:ed@vetbuild, mode:EDIT
2026-04-26 16:49:48, EXEC, v:1, k:ed@vetbuild, mode:FULL, size:273, fail:COMP
2026-04-26 16:51:23, EXEC, v:1, k:ed@vetbuild, mode:FULL, rate:90, size:277
2026-04-26 16:51:21, MOVE, v:1, k:ed@vetbuild, mode:EDIT
2026-04-26 16:55:47, EXEC, v:1, k:ed@vetbuild, mode:FULL, rate:100, size:280
2026-04-26 16:55:49, MOVE, v:1, k:ed@vetbuild, mode:BACK
2026-04-26 16:56:24, SELF, v:1, k:ed@vetbuild, self:1, rate:100, study:500, friend:Jose Mayson
2026-04-26 16:55:44, MOVE, v:1, k:ed@vetbuild, mode:EDIT
